2018-04-19 10:52:37,973  - Loading graph...
2018-04-19 10:52:37,973  - Graph loaded.
2018-04-19 10:52:37,973  - Converting graph to dict...
2018-04-19 10:52:37,973 Graph converted.
2018-04-19 10:52:37,974 Graph - Number of vertices: 68
2018-04-19 10:52:37,974 Graph - Number of edges: 155
2018-04-19 10:52:38,117 BFS vertex 1. Time: 0.000495910644531s
2018-04-19 10:52:38,118 BFS vertex 2. Time: 0.000226974487305s
2018-04-19 10:52:38,118 BFS vertex 3. Time: 0.000178813934326s
2018-04-19 10:52:38,118 BFS vertex 4. Time: 0.000114917755127s
2018-04-19 10:52:38,118 BFS vertex 5. Time: 0.000127077102661s
2018-04-19 10:52:38,119 BFS vertex 6. Time: 0.000121116638184s
2018-04-19 10:52:38,119 BFS vertex 7. Time: 0.000113964080811s
2018-04-19 10:52:38,119 BFS vertex 8. Time: 0.000131130218506s
2018-04-19 10:52:38,119 BFS vertex 9. Time: 0.000118970870972s
2018-04-19 10:52:38,119 BFS vertex 10. Time: 0.0002121925354s
2018-04-19 10:52:38,120 BFS vertex 11. Time: 0.000127077102661s
2018-04-19 10:52:38,120 BFS vertex 12. Time: 0.000118970870972s
2018-04-19 10:52:38,120 BFS vertex 13. Time: 0.000168085098267s
2018-04-19 10:52:38,120 BFS vertex 14. Time: 0.000120162963867s
2018-04-19 10:52:38,120 BFS vertex 15. Time: 0.0001220703125s
2018-04-19 10:52:38,121 BFS vertex 16. Time: 0.0001060962677s
2018-04-19 10:52:38,121 BFS vertex 17. Time: 0.000102996826172s
2018-04-19 10:52:38,162 BFS vertex 35. Time: 0.000187158584595s
2018-04-19 10:52:38,162 BFS vertex 36. Time: 0.0001380443573s
2018-04-19 10:52:38,162 BFS vertex 37. Time: 9.3936920166e-05s
2018-04-19 10:52:38,162 BFS vertex 38. Time: 0.000101804733276s
2018-04-19 10:52:38,163 BFS vertex 39. Time: 9.79900360107e-05s
2018-04-19 10:52:38,163 BFS vertex 40. Time: 9.58442687988e-05s
2018-04-19 10:52:38,163 BFS vertex 41. Time: 0.000175952911377s
2018-04-19 10:52:38,163 BFS vertex 18. Time: 0.00192189216614s
2018-04-19 10:52:38,163 BFS vertex 42. Time: 0.000159025192261s
2018-04-19 10:52:38,163 BFS vertex 43. Time: 9.29832458496e-05s
2018-04-19 10:52:38,164 BFS vertex 44. Time: 0.000128984451294s
2018-04-19 10:52:38,164 BFS vertex 19. Time: 0.000412940979004s
2018-04-19 10:52:38,164 BFS vertex 45. Time: 9.98973846436e-05s
2018-04-19 10:52:38,164 BFS vertex 20. Time: 0.000244140625s
2018-04-19 10:52:38,164 BFS vertex 46. Time: 0.000207185745239s
2018-04-19 10:52:38,164 BFS vertex 21. Time: 0.000123977661133s
2018-04-19 10:52:38,164 BFS vertex 22. Time: 0.000119924545288s
2018-04-19 10:52:38,164 BFS vertex 47. Time: 0.000203847885132s
2018-04-19 10:52:38,165 BFS vertex 23. Time: 0.000107049942017s
2018-04-19 10:52:38,165 BFS vertex 48. Time: 0.000117063522339s
2018-04-19 10:52:38,165 BFS vertex 24. Time: 0.000120878219604s
2018-04-19 10:52:38,165 BFS vertex 49. Time: 9.41753387451e-05s
2018-04-19 10:52:38,165 BFS vertex 25. Time: 0.000201940536499s
2018-04-19 10:52:38,165 BFS vertex 50. Time: 9.70363616943e-05s
2018-04-19 10:52:38,165 BFS vertex 26. Time: 0.000131130218506s
2018-04-19 10:52:38,165 BFS vertex 51. Time: 0.000101089477539s
2018-04-19 10:52:38,166 BFS vertex 27. Time: 0.000262975692749s
2018-04-19 10:52:38,166 BFS vertex 28. Time: 0.000133991241455s
2018-04-19 10:52:38,166 BFS vertex 52. Time: 0.000159025192261s
2018-04-19 10:52:38,166 BFS vertex 29. Time: 0.000105857849121s
2018-04-19 10:52:38,166 BFS vertex 53. Time: 9.20295715332e-05s
2018-04-19 10:52:38,166 BFS vertex 30. Time: 0.000123977661133s
2018-04-19 10:52:38,166 BFS vertex 54. Time: 9.10758972168e-05s
2018-04-19 10:52:38,166 BFS vertex 31. Time: 9.58442687988e-05s
2018-04-19 10:52:38,166 BFS vertex 55. Time: 9.01222229004e-05s
2018-04-19 10:52:38,166 BFS vertex 32. Time: 0.000114917755127s
2018-04-19 10:52:38,167 BFS vertex 56. Time: 9.51290130615e-05s
2018-04-19 10:52:38,167 BFS vertex 33. Time: 9.60826873779e-05s
2018-04-19 10:52:38,167 BFS vertex 57. Time: 9.48905944824e-05s
2018-04-19 10:52:38,167 BFS vertex 34. Time: 9.91821289062e-05s
2018-04-19 10:52:38,167 BFS vertex 58. Time: 0.000143051147461s
2018-04-19 10:52:38,167 BFS vertex 59. Time: 9.3936920166e-05s
2018-04-19 10:52:38,167 BFS vertex 60. Time: 8.98838043213e-05s
2018-04-19 10:52:38,167 BFS vertex 61. Time: 0.000134944915771s
2018-04-19 10:52:38,168 BFS vertex 62. Time: 0.000164031982422s
2018-04-19 10:52:38,168 BFS vertex 63. Time: 0.000102043151855s
2018-04-19 10:52:38,168 BFS vertex 64. Time: 0.000146865844727s
2018-04-19 10:52:38,168 BFS vertex 65. Time: 0.000109910964966s
2018-04-19 10:52:38,168 BFS vertex 66. Time: 0.000135183334351s
2018-04-19 10:52:38,169 BFS vertex 67. Time: 0.000351190567017s
2018-04-19 10:52:38,170 BFS vertex 68. Time: 0.000164031982422s
2018-04-19 10:52:38,349 Saving degreeList on disk...
2018-04-19 10:52:38,349 Saving variable on disk...
2018-04-19 10:52:38,353 Variable saved. Time: 6.09676043193e-05m
2018-04-19 10:52:38,353 Execution time - BFS: 0.0047931989034m
2018-04-19 10:52:38,363 Using compactDegree: False
2018-04-19 10:52:38,364 Recovering compactDegreeList from disk...
2018-04-19 10:52:38,364 Recovering variable...
2018-04-19 10:52:38,366 Variable recovered. Time: 2.6265780131e-05m
2018-04-19 10:52:38,366 Executing part 1...
2018-04-19 10:52:38,380 Executing part 2...
2018-04-19 10:52:38,382 Executing part 3...
2018-04-19 10:52:38,382 Executing part 4...
2018-04-19 10:52:38,383 Receiving results...
2018-04-19 10:52:38,850 Consolidating distances...
2018-04-19 10:52:38,852 Distances consolidated.
2018-04-19 10:52:38,852 Saving variable on disk...
2018-04-19 10:52:38,863 Variable saved. Time: 0.000161333878835m
2018-04-19 10:52:38,863 Part 1 Completed.
2018-04-19 10:52:39,829 Consolidating distances...
2018-04-19 10:52:39,835 Distances consolidated.
2018-04-19 10:52:39,835 Saving variable on disk...
2018-04-19 10:52:39,853 Variable saved. Time: 0.000302199522654m
2018-04-19 10:52:39,856 Part 2 Completed.
2018-04-19 10:52:40,851 Consolidating distances...
2018-04-19 10:52:40,855 Distances consolidated.
2018-04-19 10:52:40,855 Saving variable on disk...
2018-04-19 10:52:40,884 Variable saved. Time: 0.000473833084106m
2018-04-19 10:52:40,885 Part 3 Completed.
2018-04-19 10:52:42,074 Consolidating distances...
2018-04-19 10:52:42,078 Distances consolidated.
2018-04-19 10:52:42,078 Saving variable on disk...
2018-04-19 10:52:42,115 Variable saved. Time: 0.000605885187785m
2018-04-19 10:52:42,117 Part 4 Completed.
2018-04-19 10:52:42,126 Distances calculated.
2018-04-19 10:52:42,127 Time : 0.0626773158709m
2018-04-19 10:52:42,134 Creating distance network...
2018-04-19 10:52:42,156 Executing part 1...
2018-04-19 10:52:42,156 Recovering variable...
2018-04-19 10:52:42,158 Variable recovered. Time: 3.07520230611e-05m
2018-04-19 10:52:42,161 Part 1 executed.
2018-04-19 10:52:42,161 Executing part 2...
2018-04-19 10:52:42,161 Recovering variable...
2018-04-19 10:52:42,167 Variable recovered. Time: 0.000104002157847m
2018-04-19 10:52:42,169 Part 2 executed.
2018-04-19 10:52:42,170 Executing part 3...
2018-04-19 10:52:42,170 Recovering variable...
2018-04-19 10:52:42,178 Variable recovered. Time: 0.000130200386047m
2018-04-19 10:52:42,189 Part 3 executed.
2018-04-19 10:52:42,190 Executing part 4...
2018-04-19 10:52:42,190 Recovering variable...
2018-04-19 10:52:42,203 Variable recovered. Time: 0.000216567516327m
2018-04-19 10:52:42,208 Part 4 executed.
2018-04-19 10:52:42,208 Saving variable on disk...
2018-04-19 10:52:42,222 Variable saved. Time: 0.000229553381602m
2018-04-19 10:52:42,222 Saving variable on disk...
2018-04-19 10:52:42,233 Variable saved. Time: 0.000180232524872m
2018-04-19 10:52:42,233 Saving variable on disk...
2018-04-19 10:52:42,251 Variable saved. Time: 0.000287516911825m
2018-04-19 10:52:42,251 Saving variable on disk...
2018-04-19 10:52:42,268 Variable saved. Time: 0.000287485122681m
2018-04-19 10:52:42,269 Saving variable on disk...
2018-04-19 10:52:42,284 Variable saved. Time: 0.000250681241353m
2018-04-19 10:52:42,284 Saving variable on disk...
2018-04-19 10:52:42,297 Variable saved. Time: 0.000222281614939m
2018-04-19 10:52:42,299 Saving variable on disk...
2018-04-19 10:52:42,303 Variable saved. Time: 5.05487124125e-05m
2018-04-19 10:52:42,303 Saving variable on disk...
2018-04-19 10:52:42,303 Variable saved. Time: 8.08238983154e-06m
2018-04-19 10:52:42,312 - Time - part 1: 0.178239107132s
2018-04-19 10:52:42,327 Executing part 1...
2018-04-19 10:52:42,328 Recovering variable...
2018-04-19 10:52:42,330 Variable recovered. Time: 3.01837921143e-05m
2018-04-19 10:52:42,331 Part 1 executed.
2018-04-19 10:52:42,332 Executing part 2...
2018-04-19 10:52:42,333 Recovering variable...
2018-04-19 10:52:42,337 Variable recovered. Time: 7.6683362325e-05m
2018-04-19 10:52:42,340 Part 2 executed.
2018-04-19 10:52:42,340 Executing part 3...
2018-04-19 10:52:42,340 Recovering variable...
2018-04-19 10:52:42,346 Variable recovered. Time: 0.000107316176097m
2018-04-19 10:52:42,350 Part 3 executed.
2018-04-19 10:52:42,350 Executing part 4...
2018-04-19 10:52:42,350 Recovering variable...
2018-04-19 10:52:42,359 Variable recovered. Time: 0.000144950548808m
2018-04-19 10:52:42,363 Part 4 executed.
2018-04-19 10:52:42,363 Saving variable on disk...
2018-04-19 10:52:42,364 Variable saved. Time: 8.56717427572e-06m
2018-04-19 10:52:42,364 Saving variable on disk...
2018-04-19 10:52:42,366 Variable saved. Time: 1.99198722839e-05m
2018-04-19 10:52:42,366 Saving variable on disk...
2018-04-19 10:52:42,367 Variable saved. Time: 1.24494234721e-05m
2018-04-19 10:52:42,367 Saving variable on disk...
2018-04-19 10:52:42,369 Variable saved. Time: 2.6547908783e-05m
2018-04-19 10:52:42,369 Saving variable on disk...
2018-04-19 10:52:42,370 Variable saved. Time: 8.56717427572e-06m
2018-04-19 10:52:42,370 Saving variable on disk...
2018-04-19 10:52:42,371 Variable saved. Time: 7.60157903035e-06m
2018-04-19 10:52:42,371 Saving variable on disk...
2018-04-19 10:52:42,371 Variable saved. Time: 2.8649965922e-06m
2018-04-19 10:52:42,371 Saving variable on disk...
2018-04-19 10:52:42,371 Variable saved. Time: 1.11659367879e-06m
2018-04-19 10:52:42,383 - Time - part 2: 0.0703201293945s
2018-04-19 10:52:42,384 distance network created.
2018-04-19 10:52:42,384 Transforming distances into weights...
2018-04-19 10:52:42,411 Recovering variable...
2018-04-19 10:52:42,412 Variable recovered. Time: 1.12851460775e-05m
2018-04-19 10:52:42,412 Recovering variable...
2018-04-19 10:52:42,416 Variable recovered. Time: 6.9264570872e-05m
2018-04-19 10:52:42,417 Executing layer 0...
2018-04-19 10:52:42,432 Saving variable on disk...
2018-04-19 10:52:42,453 Variable saved. Time: 0.000338431199392m
2018-04-19 10:52:42,453 Saving variable on disk...
2018-04-19 10:52:42,454 Variable saved. Time: 7.05321629842e-06m
2018-04-19 10:52:42,454 Saving variable on disk...
2018-04-19 10:52:42,454 Variable saved. Time: 5.48362731934e-06m
2018-04-19 10:52:42,454 Layer 0 executed.
2018-04-19 10:52:42,454 Recovering variable...
2018-04-19 10:52:42,456 Variable recovered. Time: 2.38656997681e-05m
2018-04-19 10:52:42,456 Recovering variable...
2018-04-19 10:52:42,459 Variable recovered. Time: 4.42147254944e-05m
2018-04-19 10:52:42,459 Executing layer 1...
2018-04-19 10:52:42,472 Saving variable on disk...
2018-04-19 10:52:42,490 Variable saved. Time: 0.00028563340505m
2018-04-19 10:52:42,490 Saving variable on disk...
2018-04-19 10:52:42,491 Variable saved. Time: 8.53538513184e-06m
2018-04-19 10:52:42,491 Saving variable on disk...
2018-04-19 10:52:42,491 Variable saved. Time: 6.94990158081e-06m
2018-04-19 10:52:42,491 Layer 1 executed.
2018-04-19 10:52:42,491 Recovering variable...
2018-04-19 10:52:42,492 Variable recovered. Time: 1.10308329264e-05m
2018-04-19 10:52:42,492 Recovering variable...
2018-04-19 10:52:42,495 Variable recovered. Time: 4.52319780986e-05m
2018-04-19 10:52:42,495 Executing layer 2...
2018-04-19 10:52:42,508 Saving variable on disk...
2018-04-19 10:52:42,525 Variable saved. Time: 0.000269734859467m
2018-04-19 10:52:42,525 Saving variable on disk...
2018-04-19 10:52:42,525 Variable saved. Time: 6.13530476888e-06m
2018-04-19 10:52:42,525 Saving variable on disk...
2018-04-19 10:52:42,526 Variable saved. Time: 5.79754511515e-06m
2018-04-19 10:52:42,526 Layer 2 executed.
2018-04-19 10:52:42,526 Recovering variable...
2018-04-19 10:52:42,526 Variable recovered. Time: 8.36849212646e-06m
2018-04-19 10:52:42,526 Recovering variable...
2018-04-19 10:52:42,529 Variable recovered. Time: 4.14331754049e-05m
2018-04-19 10:52:42,529 Executing layer 3...
2018-04-19 10:52:42,542 Saving variable on disk...
2018-04-19 10:52:42,559 Variable saved. Time: 0.000277098019918m
2018-04-19 10:52:42,559 Saving variable on disk...
2018-04-19 10:52:42,560 Variable saved. Time: 6.53266906738e-06m
2018-04-19 10:52:42,560 Saving variable on disk...
2018-04-19 10:52:42,560 Variable saved. Time: 5.51541646322e-06m
2018-04-19 10:52:42,560 Layer 3 executed.
2018-04-19 10:52:42,560 Recovering variable...
2018-04-19 10:52:42,561 Variable recovered. Time: 8.78175099691e-06m
2018-04-19 10:52:42,561 Recovering variable...
2018-04-19 10:52:42,564 Variable recovered. Time: 4.86175219218e-05m
2018-04-19 10:52:42,564 Executing layer 4...
2018-04-19 10:52:42,577 Saving variable on disk...
2018-04-19 10:52:42,595 Variable saved. Time: 0.000297200679779m
2018-04-19 10:52:42,595 Saving variable on disk...
2018-04-19 10:52:42,596 Variable saved. Time: 9.43342844645e-06m
2018-04-19 10:52:42,596 Saving variable on disk...
2018-04-19 10:52:42,596 Variable saved. Time: 5.63065210978e-06m
2018-04-19 10:52:42,596 Layer 4 executed.
2018-04-19 10:52:42,596 Recovering variable...
2018-04-19 10:52:42,597 Variable recovered. Time: 1.19010607402e-05m
2018-04-19 10:52:42,597 Recovering variable...
2018-04-19 10:52:42,600 Variable recovered. Time: 3.93986701965e-05m
2018-04-19 10:52:42,600 Executing layer 5...
2018-04-19 10:52:42,612 Saving variable on disk...
2018-04-19 10:52:42,626 Variable saved. Time: 0.000244931379954m
2018-04-19 10:52:42,627 Saving variable on disk...
2018-04-19 10:52:42,627 Variable saved. Time: 6.34988149007e-06m
2018-04-19 10:52:42,627 Saving variable on disk...
2018-04-19 10:52:42,628 Variable saved. Time: 6.38564427694e-06m
2018-04-19 10:52:42,628 Layer 5 executed.
2018-04-19 10:52:42,628 Recovering variable...
2018-04-19 10:52:42,628 Variable recovered. Time: 4.78426615397e-06m
2018-04-19 10:52:42,628 Recovering variable...
2018-04-19 10:52:42,629 Variable recovered. Time: 1.07804934184e-05m
2018-04-19 10:52:42,629 Executing layer 6...
2018-04-19 10:52:42,632 Saving variable on disk...
2018-04-19 10:52:42,636 Variable saved. Time: 5.64495722453e-05m
2018-04-19 10:52:42,636 Saving variable on disk...
2018-04-19 10:52:42,636 Variable saved. Time: 3.16699345907e-06m
2018-04-19 10:52:42,636 Saving variable on disk...
2018-04-19 10:52:42,636 Variable saved. Time: 2.96433766683e-06m
2018-04-19 10:52:42,636 Layer 6 executed.
2018-04-19 10:52:42,636 Recovering variable...
2018-04-19 10:52:42,636 Variable recovered. Time: 1.03314717611e-06m
2018-04-19 10:52:42,637 Recovering variable...
2018-04-19 10:52:42,637 Variable recovered. Time: 2.4159749349e-06m
2018-04-19 10:52:42,637 Executing layer 7...
2018-04-19 10:52:42,638 Saving variable on disk...
2018-04-19 10:52:42,638 Variable saved. Time: 1.25169754028e-05m
2018-04-19 10:52:42,639 Saving variable on disk...
2018-04-19 10:52:42,639 Variable saved. Time: 1.80006027222e-06m
2018-04-19 10:52:42,639 Saving variable on disk...
2018-04-19 10:52:42,639 Variable saved. Time: 1.64906183879e-06m
2018-04-19 10:52:42,639 Layer 7 executed.
2018-04-19 10:52:42,639 Weights created.
2018-04-19 10:52:42,645 - Time - part 3: 0.260880947113s
2018-04-19 10:52:42,649 Consolidating graphs...
2018-04-19 10:52:42,650 Executing layer 0...
2018-04-19 10:52:42,650 Recovering variable...
2018-04-19 10:52:42,650 Variable recovered. Time: 9.98179117839e-06m
2018-04-19 10:52:42,650 Layer 0 executed.
2018-04-19 10:52:42,650 Executing layer 1...
2018-04-19 10:52:42,650 Recovering variable...
2018-04-19 10:52:42,651 Variable recovered. Time: 1.52866045634e-05m
2018-04-19 10:52:42,652 Layer 1 executed.
2018-04-19 10:52:42,652 Executing layer 2...
2018-04-19 10:52:42,652 Recovering variable...
2018-04-19 10:52:42,652 Variable recovered. Time: 1.08162562052e-05m
2018-04-19 10:52:42,652 Layer 2 executed.
2018-04-19 10:52:42,653 Executing layer 3...
2018-04-19 10:52:42,653 Recovering variable...
2018-04-19 10:52:42,653 Variable recovered. Time: 8.90096028646e-06m
2018-04-19 10:52:42,653 Layer 3 executed.
2018-04-19 10:52:42,653 Executing layer 4...
2018-04-19 10:52:42,653 Recovering variable...
2018-04-19 10:52:42,654 Variable recovered. Time: 8.76585642497e-06m
2018-04-19 10:52:42,654 Layer 4 executed.
2018-04-19 10:52:42,654 Executing layer 5...
2018-04-19 10:52:42,654 Recovering variable...
2018-04-19 10:52:42,655 Variable recovered. Time: 8.44796498617e-06m
2018-04-19 10:52:42,655 Layer 5 executed.
2018-04-19 10:52:42,655 Executing layer 6...
2018-04-19 10:52:42,655 Recovering variable...
2018-04-19 10:52:42,655 Variable recovered. Time: 5.40018081665e-06m
2018-04-19 10:52:42,655 Layer 6 executed.
2018-04-19 10:52:42,655 Executing layer 7...
2018-04-19 10:52:42,655 Recovering variable...
2018-04-19 10:52:42,655 Variable recovered. Time: 1.26759211222e-06m
2018-04-19 10:52:42,655 Layer 7 executed.
2018-04-19 10:52:42,656 Saving distancesNets on disk...
2018-04-19 10:52:42,656 Saving variable on disk...
2018-04-19 10:52:42,659 Variable saved. Time: 5.88178634644e-05m
2018-04-19 10:52:42,659 Graphs consolidated.
2018-04-19 10:52:42,663 - Time - part 4: 0.0174779891968s
2018-04-19 10:52:42,667 Executing layer 0...
2018-04-19 10:52:42,668 Recovering variable...
2018-04-19 10:52:42,668 Variable recovered. Time: 1.00493431091e-05m
2018-04-19 10:52:42,668 Layer 0 executed.
2018-04-19 10:52:42,668 Executing layer 1...
2018-04-19 10:52:42,668 Recovering variable...
2018-04-19 10:52:42,669 Variable recovered. Time: 6.68366750081e-06m
2018-04-19 10:52:42,669 Layer 1 executed.
2018-04-19 10:52:42,669 Executing layer 2...
2018-04-19 10:52:42,669 Recovering variable...
2018-04-19 10:52:42,669 Variable recovered. Time: 4.51803207397e-06m
2018-04-19 10:52:42,669 Layer 2 executed.
2018-04-19 10:52:42,670 Executing layer 3...
2018-04-19 10:52:42,670 Recovering variable...
2018-04-19 10:52:42,670 Variable recovered. Time: 3.715356191e-06m
2018-04-19 10:52:42,670 Layer 3 executed.
2018-04-19 10:52:42,670 Executing layer 4...
2018-04-19 10:52:42,670 Recovering variable...
2018-04-19 10:52:42,670 Variable recovered. Time: 3.96569569906e-06m
2018-04-19 10:52:42,670 Layer 4 executed.
2018-04-19 10:52:42,670 Executing layer 5...
2018-04-19 10:52:42,670 Recovering variable...
2018-04-19 10:52:42,671 Variable recovered. Time: 3.41733296712e-06m
2018-04-19 10:52:42,671 Layer 5 executed.
2018-04-19 10:52:42,671 Executing layer 6...
2018-04-19 10:52:42,671 Recovering variable...
2018-04-19 10:52:42,671 Variable recovered. Time: 4.26769256592e-06m
2018-04-19 10:52:42,671 Layer 6 executed.
2018-04-19 10:52:42,671 Executing layer 7...
2018-04-19 10:52:42,671 Recovering variable...
2018-04-19 10:52:42,671 Variable recovered. Time: 1.43051147461e-06m
2018-04-19 10:52:42,671 Layer 7 executed.
2018-04-19 10:52:42,672 Saving nets_weights_alias_method_j on disk...
2018-04-19 10:52:42,672 Saving variable on disk...
2018-04-19 10:52:42,674 Variable saved. Time: 4.51683998108e-05m
2018-04-19 10:52:42,680 - Time - part 5: 0.016872882843s
2018-04-19 10:52:42,688 Executing layer 0...
2018-04-19 10:52:42,689 Recovering variable...
2018-04-19 10:52:42,690 Variable recovered. Time: 1.15354855855e-05m
2018-04-19 10:52:42,690 Layer 0 executed.
2018-04-19 10:52:42,690 Executing layer 1...
2018-04-19 10:52:42,690 Recovering variable...
2018-04-19 10:52:42,690 Variable recovered. Time: 5.61475753784e-06m
2018-04-19 10:52:42,690 Layer 1 executed.
2018-04-19 10:52:42,690 Executing layer 2...
2018-04-19 10:52:42,690 Recovering variable...
2018-04-19 10:52:42,691 Variable recovered. Time: 4.36305999756e-06m
2018-04-19 10:52:42,691 Layer 2 executed.
2018-04-19 10:52:42,691 Executing layer 3...
2018-04-19 10:52:42,691 Recovering variable...
2018-04-19 10:52:42,691 Variable recovered. Time: 4.75247701009e-06m
2018-04-19 10:52:42,691 Layer 3 executed.
2018-04-19 10:52:42,692 Executing layer 4...
2018-04-19 10:52:42,692 Recovering variable...
2018-04-19 10:52:42,692 Variable recovered. Time: 4.04914220174e-06m
2018-04-19 10:52:42,692 Layer 4 executed.
2018-04-19 10:52:42,692 Executing layer 5...
2018-04-19 10:52:42,692 Recovering variable...
2018-04-19 10:52:42,692 Variable recovered. Time: 4.64916229248e-06m
2018-04-19 10:52:42,692 Layer 5 executed.
2018-04-19 10:52:42,693 Executing layer 6...
2018-04-19 10:52:42,693 Recovering variable...
2018-04-19 10:52:42,693 Variable recovered. Time: 6.86645507813e-06m
2018-04-19 10:52:42,693 Layer 6 executed.
2018-04-19 10:52:42,693 Executing layer 7...
2018-04-19 10:52:42,693 Recovering variable...
2018-04-19 10:52:42,694 Variable recovered. Time: 2.11795171102e-06m
2018-04-19 10:52:42,694 Layer 7 executed.
2018-04-19 10:52:42,694 Saving nets_weights_alias_method_q on disk...
2018-04-19 10:52:42,694 Saving variable on disk...
2018-04-19 10:52:42,698 Variable saved. Time: 6.36180241903e-05m
2018-04-19 10:52:42,705 - Time - part 6: 0.0247790813446s
2018-04-19 10:52:42,719 Loading distances_nets from disk...
2018-04-19 10:52:42,719 Executing layer 0...
2018-04-19 10:52:42,720 Recovering variable...
2018-04-19 10:52:42,724 Variable recovered. Time: 7.10844993591e-05m
2018-04-19 10:52:42,725 Layer 0 executed.
2018-04-19 10:52:42,725 Executing layer 1...
2018-04-19 10:52:42,725 Recovering variable...
2018-04-19 10:52:42,729 Variable recovered. Time: 5.52177429199e-05m
2018-04-19 10:52:42,730 Layer 1 executed.
2018-04-19 10:52:42,730 Executing layer 2...
2018-04-19 10:52:42,731 Recovering variable...
2018-04-19 10:52:42,734 Variable recovered. Time: 6.09834988912e-05m
2018-04-19 10:52:42,736 Layer 2 executed.
2018-04-19 10:52:42,736 Executing layer 3...
2018-04-19 10:52:42,736 Recovering variable...
2018-04-19 10:52:42,741 Variable recovered. Time: 7.54157702128e-05m
2018-04-19 10:52:42,742 Layer 3 executed.
2018-04-19 10:52:42,742 Executing layer 4...
2018-04-19 10:52:42,742 Recovering variable...
2018-04-19 10:52:42,745 Variable recovered. Time: 5.61833381653e-05m
2018-04-19 10:52:42,748 Layer 4 executed.
2018-04-19 10:52:42,749 Executing layer 5...
2018-04-19 10:52:42,749 Recovering variable...
2018-04-19 10:52:42,753 Variable recovered. Time: 5.98510106405e-05m
2018-04-19 10:52:42,755 Layer 5 executed.
2018-04-19 10:52:42,755 Executing layer 6...
2018-04-19 10:52:42,755 Recovering variable...
2018-04-19 10:52:42,757 Variable recovered. Time: 3.04301579793e-05m
2018-04-19 10:52:42,758 Layer 6 executed.
2018-04-19 10:52:42,758 Executing layer 7...
2018-04-19 10:52:42,758 Recovering variable...
2018-04-19 10:52:42,759 Variable recovered. Time: 8.66651535034e-06m
2018-04-19 10:52:42,759 Layer 7 executed.
2018-04-19 10:52:42,759 Saving average_weights on disk...
2018-04-19 10:52:42,759 Saving variable on disk...
2018-04-19 10:52:42,760 Variable saved. Time: 7.81615575155e-06m
2018-04-19 10:52:42,760 Executing layer 0...
2018-04-19 10:52:42,760 Recovering variable...
2018-04-19 10:52:42,764 Variable recovered. Time: 6.09834988912e-05m
2018-04-19 10:52:42,765 Layer 0 executed.
2018-04-19 10:52:42,765 Executing layer 1...
2018-04-19 10:52:42,766 Recovering variable...
2018-04-19 10:52:42,770 Variable recovered. Time: 6.99003537496e-05m
2018-04-19 10:52:42,771 Layer 1 executed.
2018-04-19 10:52:42,771 Executing layer 2...
2018-04-19 10:52:42,771 Recovering variable...
2018-04-19 10:52:42,775 Variable recovered. Time: 6.48856163025e-05m
2018-04-19 10:52:42,776 Layer 2 executed.
2018-04-19 10:52:42,776 Executing layer 3...
2018-04-19 10:52:42,776 Recovering variable...
2018-04-19 10:52:42,780 Variable recovered. Time: 6.1313311259e-05m
2018-04-19 10:52:42,780 Layer 3 executed.
2018-04-19 10:52:42,781 Executing layer 4...
2018-04-19 10:52:42,781 Recovering variable...
2018-04-19 10:52:42,785 Variable recovered. Time: 6.94513320923e-05m
2018-04-19 10:52:42,786 Layer 4 executed.
2018-04-19 10:52:42,786 Executing layer 5...
2018-04-19 10:52:42,786 Recovering variable...
2018-04-19 10:52:42,790 Variable recovered. Time: 6.79850578308e-05m
2018-04-19 10:52:42,791 Layer 5 executed.
2018-04-19 10:52:42,791 Executing layer 6...
2018-04-19 10:52:42,791 Recovering variable...
2018-04-19 10:52:42,792 Variable recovered. Time: 1.540184021e-05m
2018-04-19 10:52:42,792 Layer 6 executed.
2018-04-19 10:52:42,792 Executing layer 7...
2018-04-19 10:52:42,792 Recovering variable...
2018-04-19 10:52:42,793 Variable recovered. Time: 5.69820404053e-06m
2018-04-19 10:52:42,793 Layer 7 executed.
2018-04-19 10:52:42,793 Saving amount_neighbours on disk...
2018-04-19 10:52:42,793 Saving variable on disk...
2018-04-19 10:52:42,794 Variable saved. Time: 1.01526578267e-05m
2018-04-19 10:52:42,808 Loading distances_nets on disk...
2018-04-19 10:52:42,808 Recovering variable...
2018-04-19 10:52:42,813 Variable recovered. Time: 7.43667284648e-05m
2018-04-19 10:52:42,813 Recovering variable...
2018-04-19 10:52:42,816 Variable recovered. Time: 4.32014465332e-05m
2018-04-19 10:52:42,816 Recovering variable...
2018-04-19 10:52:42,818 Variable recovered. Time: 3.2901763916e-05m
2018-04-19 10:52:42,818 Recovering variable...
2018-04-19 10:52:42,819 Variable recovered. Time: 3.09944152832e-06m
2018-04-19 10:52:42,819 Creating RWs...
2018-04-19 10:52:42,834 Receiving results...
2018-04-19 10:52:42,849 RW - vertex 14. Time : 0.000624179840088s
2018-04-19 10:52:42,851 RW - vertex 61. Time : 0.0010449886322s
2018-04-19 10:52:42,852 RW - vertex 41. Time : 0.000835180282593s
2018-04-19 10:52:42,854 RW - vertex 57. Time : 0.00173401832581s
2018-04-19 10:52:42,855 RW - vertex 3. Time : 0.000453948974609s
2018-04-19 10:52:42,856 RW - vertex 23. Time : 0.000707864761353s
2018-04-19 10:52:42,859 RW - vertex 12. Time : 0.000635862350464s
2018-04-19 10:52:42,860 RW - vertex 66. Time : 0.000506162643433s
2018-04-19 10:52:42,861 RW - vertex 24. Time : 0.00072193145752s
2018-04-19 10:52:42,862 RW - vertex 47. Time : 0.000602960586548s
2018-04-19 10:52:42,863 RW - vertex 35. Time : 0.000725030899048s
2018-04-19 10:52:42,864 RW - vertex 48. Time : 0.000514030456543s
2018-04-19 10:52:42,864 RW - vertex 49. Time : 0.000373125076294s
2018-04-19 10:52:42,865 RW - vertex 20. Time : 0.000679016113281s
2018-04-19 10:52:42,866 RW - vertex 34. Time : 0.000418186187744s
2018-04-19 10:52:42,866 RW - vertex 37. Time : 0.000483989715576s
2018-04-19 10:52:42,873 RW - vertex 14. Time : 0.000808000564575s
2018-04-19 10:52:42,874 RW - vertex 61. Time : 0.000421047210693s
2018-04-19 10:52:42,874 RW - vertex 14. Time : 0.00835299491882s
2018-04-19 10:52:42,875 RW - vertex 61. Time : 0.000448942184448s
2018-04-19 10:52:42,875 RW - vertex 41. Time : 0.000766038894653s
2018-04-19 10:52:42,876 RW - vertex 41. Time : 0.000478029251099s
2018-04-19 10:52:42,875 RW - vertex 57. Time : 0.000456094741821s
2018-04-19 10:52:42,876 RW - vertex 57. Time : 0.000462055206299s
2018-04-19 10:52:42,877 RW - vertex 3. Time : 0.000399112701416s
2018-04-19 10:52:42,876 RW - vertex 60. Time : 0.00959420204163s
2018-04-19 10:52:42,877 RW - vertex 23. Time : 0.000622987747192s
2018-04-19 10:52:42,877 RW - vertex 17. Time : 0.000679969787598s
2018-04-19 10:52:42,878 RW - vertex 12. Time : 0.000595808029175s
2018-04-19 10:52:42,878 RW - vertex 4. Time : 0.000917911529541s
2018-04-19 10:52:42,879 RW - vertex 66. Time : 0.00054407119751s
2018-04-19 10:52:42,879 RW - vertex 24. Time : 0.000437021255493s
2018-04-19 10:52:42,880 RW - vertex 3. Time : 0.00392198562622s
2018-04-19 10:52:42,880 RW - vertex 47. Time : 0.000428915023804s
2018-04-19 10:52:42,880 RW - vertex 35. Time : 0.000495910644531s
2018-04-19 10:52:42,881 RW - vertex 48. Time : 0.000626087188721s
2018-04-19 10:52:42,882 RW - vertex 49. Time : 0.000434875488281s
2018-04-19 10:52:42,881 RW - vertex 23. Time : 0.000568866729736s
2018-04-19 10:52:42,883 RW - vertex 12. Time : 0.000449180603027s
2018-04-19 10:52:42,883 RW - vertex 66. Time : 0.000509023666382s
2018-04-19 10:52:42,879 RW - vertex 62. Time : 0.000586986541748s
2018-04-19 10:52:42,884 RW - vertex 24. Time : 0.00047779083252s
2018-04-19 10:52:42,884 RW - vertex 32. Time : 0.000525951385498s
2018-04-19 10:52:42,885 RW - vertex 47. Time : 0.000370025634766s
2018-04-19 10:52:42,885 RW - vertex 2. Time : 0.000402927398682s
2018-04-19 10:52:42,885 RW - vertex 35. Time : 0.00033712387085s
2018-04-19 10:52:42,885 RW - vertex 45. Time : 0.000386953353882s
2018-04-19 10:52:42,885 RW - vertex 48. Time : 0.000396013259888s
2018-04-19 10:52:42,886 RW - vertex 6. Time : 0.000333070755005s
2018-04-19 10:52:42,886 RW - vertex 49. Time : 0.000391006469727s
2018-04-19 10:52:42,886 RW - vertex 21. Time : 0.000396966934204s
2018-04-19 10:52:42,886 RW - vertex 20. Time : 0.000364065170288s
2018-04-19 10:52:42,886 RW - vertex 51. Time : 0.000342845916748s
2018-04-19 10:52:42,887 RW - vertex 34. Time : 0.000407934188843s
2018-04-19 10:52:42,887 RW - vertex 28. Time : 0.000415086746216s
2018-04-19 10:52:42,887 RW - vertex 37. Time : 0.000337839126587s
2018-04-19 10:52:42,887 RW - vertex 54. Time : 0.00036883354187s
2018-04-19 10:52:42,888 RW - vertex 60. Time : 0.000364065170288s
2018-04-19 10:52:42,888 RW - vertex 5. Time : 0.000368118286133s
2018-04-19 10:52:42,889 RW - vertex 9. Time : 0.000632047653198s
2018-04-19 10:52:42,889 RW - vertex 7. Time : 0.000578165054321s
2018-04-19 10:52:42,890 RW - vertex 44. Time : 0.000457048416138s
2018-04-19 10:52:42,891 RW - vertex 17. Time : 0.00348496437073s
2018-04-19 10:52:42,892 RW - vertex 4. Time : 0.000560998916626s
2018-04-19 10:52:42,893 RW - vertex 62. Time : 0.000581026077271s
2018-04-19 10:52:42,893 RW - vertex 50. Time : 0.00284600257874s
2018-04-19 10:52:42,894 RW - vertex 32. Time : 0.000426054000854s
2018-04-19 10:52:42,894 RW - vertex 30. Time : 0.000499963760376s
2018-04-19 10:52:42,895 RW - vertex 58. Time : 0.000541925430298s
2018-04-19 10:52:42,895 RW - vertex 2. Time : 0.00087308883667s
2018-04-19 10:52:42,896 RW - vertex 25. Time : 0.00078296661377s
2018-04-19 10:52:42,897 RW - vertex 36. Time : 0.000586032867432s
2018-04-19 10:52:42,897 RW - vertex 45. Time : 0.0025429725647s
2018-04-19 10:52:42,898 RW - vertex 8. Time : 0.000579118728638s
2018-04-19 10:52:42,898 RW - vertex 6. Time : 0.000441074371338s
2018-04-19 10:52:42,898 RW - vertex 13. Time : 0.000391006469727s
2018-04-19 10:52:42,898 RW - vertex 21. Time : 0.000336170196533s
2018-04-19 10:52:42,899 RW - vertex 65. Time : 0.000385999679565s
2018-04-19 10:52:42,899 RW - vertex 51. Time : 0.000423908233643s
2018-04-19 10:52:42,899 RW - vertex 10. Time : 0.000363111495972s
2018-04-19 10:52:42,899 RW - vertex 28. Time : 0.000404834747314s
2018-04-19 10:52:42,899 RW - vertex 14. Time : 0.000813961029053s
2018-04-19 10:52:42,900 RW - vertex 18. Time : 0.000407934188843s
2018-04-19 10:52:42,900 RW - vertex 54. Time : 0.000454187393188s
2018-04-19 10:52:42,900 RW - vertex 38. Time : 0.000616073608398s
2018-04-19 10:52:42,901 RW - vertex 5. Time : 0.000593900680542s
2018-04-19 10:52:42,901 RW - vertex 27. Time : 0.000452995300293s
2018-04-19 10:52:42,901 RW - vertex 9. Time : 0.000671863555908s
2018-04-19 10:52:42,902 RW - vertex 29. Time : 0.000564098358154s
2018-04-19 10:52:42,902 RW - vertex 7. Time : 0.000820875167847s
2018-04-19 10:52:42,902 RW - vertex 1. Time : 0.000795125961304s
2018-04-19 10:52:42,901 RW - vertex 61. Time : 0.0014271736145s
2018-04-19 10:52:42,903 RW - vertex 33. Time : 0.000358104705811s
2018-04-19 10:52:42,903 RW - vertex 44. Time : 0.000457048416138s
2018-04-19 10:52:42,903 RW - vertex 41. Time : 0.000586032867432s
2018-04-19 10:52:42,904 RW - vertex 46. Time : 0.00042200088501s
2018-04-19 10:52:42,904 RW - vertex 50. Time : 0.000471115112305s
2018-04-19 10:52:42,904 RW - vertex 53. Time : 0.000439167022705s
2018-04-19 10:52:42,904 RW - vertex 30. Time : 0.000396013259888s
2018-04-19 10:52:42,905 RW - vertex 64. Time : 0.000377893447876s
2018-04-19 10:52:42,905 RW - vertex 39. Time : 0.000510931015015s
2018-04-19 10:52:42,905 RW - vertex 58. Time : 0.000952959060669s
2018-04-19 10:52:42,906 RW - vertex 42. Time : 0.000392913818359s
2018-04-19 10:52:42,906 RW - vertex 15. Time : 0.000504016876221s
2018-04-19 10:52:42,906 RW - vertex 25. Time : 0.000638961791992s
2018-04-19 10:52:42,907 RW - vertex 52. Time : 0.000600099563599s
2018-04-19 10:52:42,907 RW - vertex 36. Time : 0.000731945037842s
2018-04-19 10:52:42,908 RW - vertex 22. Time : 0.00050687789917s
2018-04-19 10:52:42,908 RW - vertex 8. Time : 0.000443935394287s
2018-04-19 10:52:42,908 RW - vertex 56. Time : 0.000402927398682s
2018-04-19 10:52:42,908 RW - vertex 13. Time : 0.000361919403076s
2018-04-19 10:52:42,908 RW - vertex 57. Time : 0.00491499900818s
2018-04-19 10:52:42,909 RW - vertex 16. Time : 0.000368118286133s
2018-04-19 10:52:42,909 RW - vertex 3. Time : 0.000380992889404s
2018-04-19 10:52:42,909 RW - vertex 65. Time : 0.00039005279541s
2018-04-19 10:52:42,909 RW - vertex 68. Time : 0.00049901008606s
2018-04-19 10:52:42,909 RW - vertex 23. Time : 0.000381231307983s
2018-04-19 10:52:42,910 RW - vertex 10. Time : 0.000382900238037s
2018-04-19 10:52:42,910 RW - vertex 12. Time : 0.000375986099243s
2018-04-19 10:52:42,910 RW - vertex 59. Time : 0.000430822372437s
2018-04-19 10:52:42,910 RW - vertex 18. Time : 0.000427961349487s
2018-04-19 10:52:42,910 RW - vertex 40. Time : 0.000386953353882s
2018-04-19 10:52:42,911 RW - vertex 38. Time : 0.000418901443481s
2018-04-19 10:52:42,911 RW - vertex 27. Time : 0.000548124313354s
2018-04-19 10:52:42,912 RW - vertex 29. Time : 0.000366926193237s
2018-04-19 10:52:42,912 RW - vertex 1. Time : 0.000385046005249s
2018-04-19 10:52:42,912 RW - vertex 19. Time : 0.00194716453552s
2018-04-19 10:52:42,918 RW - vertex 66. Time : 0.00803589820862s
2018-04-19 10:52:42,918 RW - vertex 43. Time : 0.000882863998413s
2018-04-19 10:52:42,919 RW - vertex 24. Time : 0.000449895858765s
2018-04-19 10:52:42,919 RW - vertex 11. Time : 0.000549077987671s
2018-04-19 10:52:42,919 RW - vertex 47. Time : 0.000393867492676s
2018-04-19 10:52:42,920 RW - vertex 35. Time : 0.000401020050049s
2018-04-19 10:52:42,913 RW - vertex 33. Time : 0.000621795654297s
2018-04-19 10:52:42,921 RW - vertex 26. Time : 0.0011830329895s
2018-04-19 10:52:42,922 RW - vertex 46. Time : 0.00116491317749s
2018-04-19 10:52:42,922 RW - vertex 55. Time : 0.000553846359253s
2018-04-19 10:52:42,922 RW - vertex 31. Time : 0.000431060791016s
2018-04-19 10:52:42,922 RW - vertex 53. Time : 0.000531911849976s
2018-04-19 10:52:42,923 RW - vertex 67. Time : 0.000373840332031s
2018-04-19 10:52:42,923 RW - vertex 64. Time : 0.000359058380127s
2018-04-19 10:52:42,923 RW - vertex 20. Time : 0.0413618087769s
2018-04-19 10:52:42,923 RW - vertex 39. Time : 0.000388145446777s
2018-04-19 10:52:42,923 RW - vertex 63. Time : 0.000478029251099s
2018-04-19 10:52:42,924 RW - vertex 34. Time : 0.000931024551392s
2018-04-19 10:52:42,927 RW - vertex 42. Time : 0.000527858734131s
2018-04-19 10:52:42,929 RW - vertex 15. Time : 0.00151610374451s
2018-04-19 10:52:42,930 RW - vertex 52. Time : 0.000532865524292s
2018-04-19 10:52:42,931 RW - vertex 22. Time : 0.000366926193237s
2018-04-19 10:52:42,931 RW - vertex 48. Time : 0.0112638473511s
2018-04-19 10:52:42,931 RW - vertex 56. Time : 0.000458002090454s
2018-04-19 10:52:42,932 RW - vertex 16. Time : 0.000368118286133s
2018-04-19 10:52:42,932 RW - vertex 49. Time : 0.00058913230896s
2018-04-19 10:52:42,932 RW - vertex 68. Time : 0.000340223312378s
2018-04-19 10:52:42,932 RW - vertex 20. Time : 0.000389099121094s
2018-04-19 10:52:42,933 RW - vertex 59. Time : 0.000351905822754s
2018-04-19 10:52:42,933 RW - vertex 34. Time : 0.000416994094849s
2018-04-19 10:52:42,933 RW - vertex 40. Time : 0.000327825546265s
2018-04-19 10:52:42,933 RW - vertex 14. Time : 0.000514030456543s
2018-04-19 10:52:42,933 RW - vertex 37. Time : 0.000313997268677s
2018-04-19 10:52:42,933 RW - vertex 19. Time : 0.000358104705811s
2018-04-19 10:52:42,933 RW - vertex 61. Time : 0.000397205352783s
2018-04-19 10:52:42,934 RW - vertex 60. Time : 0.00033712387085s
2018-04-19 10:52:42,934 RW - vertex 43. Time : 0.000382900238037s
2018-04-19 10:52:42,934 RW - vertex 41. Time : 0.000396966934204s
2018-04-19 10:52:42,934 RW - vertex 17. Time : 0.00036096572876s
2018-04-19 10:52:42,934 RW - vertex 11. Time : 0.000333786010742s
2018-04-19 10:52:42,934 RW - vertex 57. Time : 0.000409126281738s
2018-04-19 10:52:42,935 RW - vertex 4. Time : 0.00031590461731s
2018-04-19 10:52:42,935 RW - vertex 26. Time : 0.000350952148438s
2018-04-19 10:52:42,935 RW - vertex 3. Time : 0.000396966934204s
2018-04-19 10:52:42,935 RW - vertex 62. Time : 0.000351905822754s
2018-04-19 10:52:42,935 RW - vertex 55. Time : 0.000381946563721s
2018-04-19 10:52:42,935 RW - vertex 32. Time : 0.000347137451172s
2018-04-19 10:52:42,936 RW - vertex 31. Time : 0.000419139862061s
2018-04-19 10:52:42,936 RW - vertex 2. Time : 0.000411033630371s
2018-04-19 10:52:42,936 RW - vertex 67. Time : 0.000411033630371s
2018-04-19 10:52:42,936 RW - vertex 45. Time : 0.000418901443481s
2018-04-19 10:52:42,937 RW - vertex 63. Time : 0.000365972518921s
2018-04-19 10:52:42,940 RW - vertex 37. Time : 0.0153291225433s
2018-04-19 10:52:42,940 RW - vertex 6. Time : 0.00185918807983s
2018-04-19 10:52:42,941 RW - vertex 21. Time : 0.000559091567993s
2018-04-19 10:52:42,942 RW - vertex 51. Time : 0.000608205795288s
2018-04-19 10:52:42,942 RW - vertex 60. Time : 0.00200700759888s
2018-04-19 10:52:42,943 RW - vertex 28. Time : 0.000443935394287s
2018-04-19 10:52:42,943 RW - vertex 17. Time : 0.000416994094849s
2018-04-19 10:52:42,943 RW - vertex 54. Time : 0.000689029693604s
2018-04-19 10:52:42,943 RW - vertex 4. Time : 0.000785827636719s
2018-04-19 10:52:42,944 RW - vertex 5. Time : 0.000401020050049s
2018-04-19 10:52:42,944 RW - vertex 62. Time : 0.000409841537476s
2018-04-19 10:52:42,944 RW - vertex 9. Time : 0.00032901763916s
2018-04-19 10:52:42,944 RW - vertex 32. Time : 0.000339984893799s
2018-04-19 10:52:42,945 RW - vertex 7. Time : 0.000913143157959s
2018-04-19 10:52:42,945 Iteration 0 executed.
2018-04-19 10:52:42,937 RW - vertex 23. Time : 0.00191187858582s
2018-04-19 10:52:42,945 RW - vertex 2. Time : 0.000948905944824s
2018-04-19 10:52:42,946 RW - vertex 44. Time : 0.000511169433594s
2018-04-19 10:52:42,946 RW - vertex 12. Time : 0.000543832778931s
2018-04-19 10:52:42,946 RW - vertex 45. Time : 0.00073504447937s
2018-04-19 10:52:42,946 RW - vertex 50. Time : 0.000372886657715s
2018-04-19 10:52:42,947 RW - vertex 66. Time : 0.000365972518921s
2018-04-19 10:52:42,947 RW - vertex 6. Time : 0.000580072402954s
2018-04-19 10:52:42,947 RW - vertex 24. Time : 0.000461101531982s
2018-04-19 10:52:42,948 RW - vertex 47. Time : 0.00035285949707s
2018-04-19 10:52:42,948 RW - vertex 21. Time : 0.00042200088501s
2018-04-19 10:52:42,948 RW - vertex 30. Time : 0.00155806541443s
2018-04-19 10:52:42,956 RW - vertex 58. Time : 0.000620126724243s
2018-04-19 10:52:42,957 RW - vertex 25. Time : 0.000545024871826s
2018-04-19 10:52:42,957 RW - vertex 14. Time : 0.000706911087036s
2018-04-19 10:52:42,958 RW - vertex 36. Time : 0.000537157058716s
2018-04-19 10:52:42,958 RW - vertex 61. Time : 0.000881910324097s
2018-04-19 10:52:42,958 RW - vertex 8. Time : 0.000598907470703s
2018-04-19 10:52:42,960 RW - vertex 13. Time : 0.000886917114258s
2018-04-19 10:52:42,948 RW - vertex 35. Time : 0.000534057617188s
2018-04-19 10:52:42,950 RW - vertex 51. Time : 0.00217413902283s
2018-04-19 10:52:42,961 RW - vertex 65. Time : 0.00079607963562s
2018-04-19 10:52:42,961 RW - vertex 48. Time : 0.000689029693604s
2018-04-19 10:52:42,961 RW - vertex 28. Time : 0.000728130340576s
2018-04-19 10:52:42,961 RW - vertex 49. Time : 0.000623941421509s
2018-04-19 10:52:42,962 RW - vertex 10. Time : 0.0010781288147s
2018-04-19 10:52:42,962 RW - vertex 54. Time : 0.000439882278442s
2018-04-19 10:52:42,962 RW - vertex 20. Time : 0.000480175018311s
2018-04-19 10:52:42,964 RW - vertex 5. Time : 0.00152397155762s
2018-04-19 10:52:42,964 RW - vertex 18. Time : 0.000428915023804s
2018-04-19 10:52:42,965 RW - vertex 38. Time : 0.000630855560303s
2018-04-19 10:52:42,965 RW - vertex 9. Time : 0.00128507614136s
2018-04-19 10:52:42,964 RW - vertex 34. Time : 0.00129890441895s
2018-04-19 10:52:42,966 RW - vertex 7. Time : 0.000375032424927s
2018-04-19 10:52:42,966 RW - vertex 37. Time : 0.000567197799683s
2018-04-19 10:52:42,966 RW - vertex 44. Time : 0.00042200088501s
2018-04-19 10:52:42,967 RW - vertex 60. Time : 0.000483989715576s
2018-04-19 10:52:42,967 RW - vertex 50. Time : 0.00044584274292s
2018-04-19 10:52:42,967 RW - vertex 30. Time : 0.000333070755005s
2018-04-19 10:52:42,967 RW - vertex 17. Time : 0.000420808792114s
2018-04-19 10:52:42,968 RW - vertex 27. Time : 0.00279498100281s
2018-04-19 10:52:42,968 RW - vertex 4. Time : 0.000540971755981s
2018-04-19 10:52:42,968 RW - vertex 29. Time : 0.000380039215088s
2018-04-19 10:52:42,968 RW - vertex 62. Time : 0.000368118286133s
2018-04-19 10:52:42,969 RW - vertex 32. Time : 0.000545024871826s
2018-04-19 10:52:42,970 RW - vertex 2. Time : 0.000320911407471s
2018-04-19 10:52:42,969 Iteration 2 executed.
2018-04-19 10:52:42,970 RW - vertex 41. Time : 0.0115611553192s
2018-04-19 10:52:42,970 RW - vertex 45. Time : 0.000373840332031s
2018-04-19 10:52:42,970 RW - vertex 57. Time : 0.00034499168396s
2018-04-19 10:52:42,970 RW - vertex 6. Time : 0.00034499168396s
2018-04-19 10:52:42,971 RW - vertex 3. Time : 0.000403881072998s
2018-04-19 10:52:42,971 RW - vertex 21. Time : 0.000473022460938s
2018-04-19 10:52:42,971 RW - vertex 23. Time : 0.000359773635864s
2018-04-19 10:52:42,971 RW - vertex 51. Time : 0.000427007675171s
2018-04-19 10:52:42,972 RW - vertex 12. Time : 0.000438928604126s
2018-04-19 10:52:42,972 RW - vertex 28. Time : 0.00040602684021s
2018-04-19 10:52:42,974 RW - vertex 1. Time : 0.00544905662537s
2018-04-19 10:52:42,975 RW - vertex 33. Time : 0.000509023666382s
2018-04-19 10:52:42,975 RW - vertex 54. Time : 0.000518083572388s
2018-04-19 10:52:42,973 RW - vertex 58. Time : 0.00555992126465s
2018-04-19 10:52:42,975 RW - vertex 5. Time : 0.000430107116699s
2018-04-19 10:52:42,976 RW - vertex 46. Time : 0.00066089630127s
2018-04-19 10:52:42,976 RW - vertex 53. Time : 0.000364780426025s
2018-04-19 10:52:42,976 RW - vertex 25. Time : 0.000848054885864s
2018-04-19 10:52:42,977 RW - vertex 64. Time : 0.00040602684021s
2018-04-19 10:52:42,977 RW - vertex 36. Time : 0.000472068786621s
2018-04-19 10:52:42,977 RW - vertex 39. Time : 0.000513076782227s
2018-04-19 10:52:42,978 RW - vertex 42. Time : 0.00040602684021s
2018-04-19 10:52:42,978 RW - vertex 9. Time : 0.00217390060425s
2018-04-19 10:52:42,978 RW - vertex 8. Time : 0.000591993331909s
2018-04-19 10:52:42,978 RW - vertex 15. Time : 0.000391960144043s
2018-04-19 10:52:42,978 RW - vertex 13. Time : 0.000377893447876s
2018-04-19 10:52:42,978 RW - vertex 7. Time : 0.000409126281738s
2018-04-19 10:52:42,979 RW - vertex 52. Time : 0.000381946563721s
2018-04-19 10:52:42,979 RW - vertex 65. Time : 0.000422954559326s
2018-04-19 10:52:42,979 RW - vertex 44. Time : 0.000428199768066s
2018-04-19 10:52:42,980 RW - vertex 22. Time : 0.00164604187012s
2018-04-19 10:52:42,980 RW - vertex 10. Time : 0.00147604942322s
2018-04-19 10:52:42,974 RW - vertex 66. Time : 0.000389099121094s
2018-04-19 10:52:42,980 RW - vertex 50. Time : 0.000926971435547s
2018-04-19 10:52:42,981 RW - vertex 56. Time : 0.000472068786621s
2018-04-19 10:52:42,982 RW - vertex 24. Time : 0.000499963760376s
2018-04-19 10:52:42,982 RW - vertex 30. Time : 0.000427007675171s
2018-04-19 10:52:42,982 RW - vertex 16. Time : 0.00040602684021s
2018-04-19 10:52:42,982 RW - vertex 47. Time : 0.000388860702515s
2018-04-19 10:52:42,982 RW - vertex 58. Time : 0.000372886657715s
2018-04-19 10:52:42,983 RW - vertex 35. Time : 0.000375032424927s
2018-04-19 10:52:42,983 RW - vertex 25. Time : 0.000392913818359s
2018-04-19 10:52:42,983 RW - vertex 18. Time : 0.000494003295898s
2018-04-19 10:52:42,983 RW - vertex 36. Time : 0.00037407875061s
2018-04-19 10:52:42,983 RW - vertex 48. Time : 0.000409841537476s
2018-04-19 10:52:42,984 RW - vertex 38. Time : 0.000450134277344s
2018-04-19 10:52:42,984 RW - vertex 8. Time : 0.000550985336304s
2018-04-19 10:52:42,984 RW - vertex 49. Time : 0.000550031661987s
2018-04-19 10:52:42,984 RW - vertex 27. Time : 0.000385999679565s
2018-04-19 10:52:42,984 RW - vertex 13. Time : 0.000386953353882s
2018-04-19 10:52:42,985 RW - vertex 20. Time : 0.00040602684021s
2018-04-19 10:52:42,985 RW - vertex 29. Time : 0.000480175018311s
2018-04-19 10:52:42,985 RW - vertex 65. Time : 0.000419855117798s
2018-04-19 10:52:42,985 RW - vertex 1. Time : 0.000366926193237s
2018-04-19 10:52:42,985 RW - vertex 34. Time : 0.00051212310791s
2018-04-19 10:52:42,986 RW - vertex 33. Time : 0.000395059585571s
2018-04-19 10:52:42,986 RW - vertex 10. Time : 0.000847101211548s
2018-04-19 10:52:42,986 RW - vertex 37. Time : 0.000524044036865s
2018-04-19 10:52:42,986 RW - vertex 46. Time : 0.000365018844604s
2018-04-19 10:52:42,987 RW - vertex 53. Time : 0.000426054000854s
2018-04-19 10:52:42,987 RW - vertex 18. Time : 0.000777006149292s
2018-04-19 10:52:42,987 RW - vertex 60. Time : 0.00100517272949s
2018-04-19 10:52:42,988 RW - vertex 38. Time : 0.000614881515503s
2018-04-19 10:52:42,988 RW - vertex 17. Time : 0.000408887863159s
2018-04-19 10:52:42,982 RW - vertex 68. Time : 0.000324010848999s
2018-04-19 10:52:42,989 RW - vertex 27. Time : 0.00124216079712s
2018-04-19 10:52:42,990 RW - vertex 29. Time : 0.000569105148315s
2018-04-19 10:52:42,990 RW - vertex 59. Time : 0.000579118728638s
2018-04-19 10:52:42,990 RW - vertex 1. Time : 0.000365018844604s
2018-04-19 10:52:42,990 RW - vertex 40. Time : 0.00036096572876s
2018-04-19 10:52:42,991 RW - vertex 33. Time : 0.000386953353882s
2018-04-19 10:52:42,991 RW - vertex 19. Time : 0.000386953353882s
2018-04-19 10:52:42,991 RW - vertex 46. Time : 0.000359058380127s
2018-04-19 10:52:42,991 RW - vertex 43. Time : 0.000396013259888s
2018-04-19 10:52:42,992 RW - vertex 53. Time : 0.000381946563721s
2018-04-19 10:52:42,992 RW - vertex 11. Time : 0.000410079956055s
2018-04-19 10:52:42,992 RW - vertex 64. Time : 0.000349044799805s
2018-04-19 10:52:42,992 RW - vertex 26. Time : 0.000356912612915s
2018-04-19 10:52:42,993 RW - vertex 39. Time : 0.000401020050049s
2018-04-19 10:52:42,993 RW - vertex 64. Time : 0.00601100921631s
2018-04-19 10:52:42,993 RW - vertex 42. Time : 0.000375032424927s
2018-04-19 10:52:42,994 RW - vertex 15. Time : 0.000411987304688s
2018-04-19 10:52:42,993 RW - vertex 39. Time : 0.000399112701416s
2018-04-19 10:52:42,994 RW - vertex 52. Time : 0.000432014465332s
2018-04-19 10:52:42,995 RW - vertex 22. Time : 0.000385999679565s
2018-04-19 10:52:42,995 RW - vertex 42. Time : 0.000488996505737s
2018-04-19 10:52:42,995 RW - vertex 56. Time : 0.000406980514526s
2018-04-19 10:52:42,995 RW - vertex 15. Time : 0.000436067581177s
2018-04-19 10:52:42,996 RW - vertex 16. Time : 0.000967025756836s
2018-04-19 10:52:42,997 RW - vertex 68. Time : 0.000433921813965s
2018-04-19 10:52:42,996 RW - vertex 52. Time : 0.000443935394287s
2018-04-19 10:52:42,996 RW - vertex 4. Time : 0.00525784492493s
2018-04-19 10:52:42,998 RW - vertex 59. Time : 0.000696897506714s
2018-04-19 10:52:42,998 RW - vertex 22. Time : 0.000485181808472s
2018-04-19 10:52:42,998 RW - vertex 40. Time : 0.000392913818359s
2018-04-19 10:52:42,999 RW - vertex 62. Time : 0.000587940216064s
2018-04-19 10:52:42,999 RW - vertex 56. Time : 0.000458955764771s
2018-04-19 10:52:42,999 RW - vertex 19. Time : 0.000433921813965s
2018-04-19 10:52:42,999 RW - vertex 32. Time : 0.000401973724365s
2018-04-19 10:52:42,999 RW - vertex 16. Time : 0.00039005279541s
2018-04-19 10:52:42,999 RW - vertex 43. Time : 0.000410079956055s
2018-04-19 10:52:43,000 RW - vertex 2. Time : 0.000516176223755s
2018-04-19 10:52:43,000 RW - vertex 11. Time : 0.000380039215088s
2018-04-19 10:52:43,000 RW - vertex 68. Time : 0.000576019287109s
2018-04-19 10:52:43,000 RW - vertex 26. Time : 0.000363111495972s
2018-04-19 10:52:43,001 RW - vertex 55. Time : 0.000480175018311s
2018-04-19 10:52:43,001 RW - vertex 55. Time : 0.00896215438843s
2018-04-19 10:52:43,002 RW - vertex 31. Time : 0.000416040420532s
2018-04-19 10:52:43,002 RW - vertex 67. Time : 0.000387907028198s
2018-04-19 10:52:43,002 RW - vertex 31. Time : 0.000859022140503s
2018-04-19 10:52:43,003 RW - vertex 63. Time : 0.000593900680542s
2018-04-19 10:52:43,003 RW - vertex 67. Time : 0.00055718421936s
2018-04-19 10:52:43,002 RW - vertex 59. Time : 0.00231790542603s
2018-04-19 10:52:43,004 RW - vertex 63. Time : 0.000508069992065s
2018-04-19 10:52:43,004 RW - vertex 40. Time : 0.000485897064209s
2018-04-19 10:52:43,004 Iteration 4 executed.
2018-04-19 10:52:43,004 RW - vertex 45. Time : 0.00447702407837s
2018-04-19 10:52:43,005 RW - vertex 19. Time : 0.000375986099243s
2018-04-19 10:52:43,007 RW - vertex 43. Time : 0.00120401382446s
2018-04-19 10:52:43,007 RW - vertex 6. Time : 0.000614166259766s
2018-04-19 10:52:43,008 RW - vertex 11. Time : 0.000869989395142s
2018-04-19 10:52:43,008 RW - vertex 21. Time : 0.00105381011963s
2018-04-19 10:52:43,009 RW - vertex 26. Time : 0.000500917434692s
2018-04-19 10:52:43,010 RW - vertex 55. Time : 0.000436067581177s
2018-04-19 10:52:43,010 RW - vertex 51. Time : 0.00085711479187s
2018-04-19 10:52:43,010 RW - vertex 31. Time : 0.00037407875061s
2018-04-19 10:52:43,011 RW - vertex 67. Time : 0.000382900238037s
2018-04-19 10:52:43,011 Iteration 3 executed.
2018-04-19 10:52:43,011 RW - vertex 63. Time : 0.000386953353882s
2018-04-19 10:52:43,012 RW - vertex 28. Time : 0.0015549659729s
2018-04-19 10:52:43,012 RW - vertex 54. Time : 0.000341892242432s
2018-04-19 10:52:43,013 RW - vertex 5. Time : 0.000559091567993s
2018-04-19 10:52:43,014 RW - vertex 9. Time : 0.000454902648926s
2018-04-19 10:52:43,014 RW - vertex 7. Time : 0.000500202178955s
2018-04-19 10:52:43,022 RW - vertex 44. Time : 0.000435829162598s
2018-04-19 10:52:43,022 Iteration 1 executed.
2018-04-19 10:52:43,022 RW - vertex 50. Time : 0.000366926193237s
2018-04-19 10:52:43,023 RW - vertex 30. Time : 0.000354051589966s
2018-04-19 10:52:43,023 RW - vertex 58. Time : 0.000344038009644s
2018-04-19 10:52:43,023 RW - vertex 25. Time : 0.00031304359436s
2018-04-19 10:52:43,015 RW - vertex 14. Time : 0.000488996505737s
2018-04-19 10:52:43,024 RW - vertex 36. Time : 0.000416994094849s
2018-04-19 10:52:43,024 RW - vertex 61. Time : 0.000363111495972s
2018-04-19 10:52:43,024 RW - vertex 8. Time : 0.000348091125488s
2018-04-19 10:52:43,025 RW - vertex 41. Time : 0.000383853912354s
2018-04-19 10:52:43,025 RW - vertex 13. Time : 0.000364065170288s
2018-04-19 10:52:43,025 RW - vertex 57. Time : 0.000316143035889s
2018-04-19 10:52:43,025 RW - vertex 3. Time : 0.00042200088501s
2018-04-19 10:52:43,026 RW - vertex 65. Time : 0.000981092453003s
2018-04-19 10:52:43,026 RW - vertex 23. Time : 0.00044584274292s
2018-04-19 10:52:43,027 RW - vertex 12. Time : 0.000392198562622s
2018-04-19 10:52:43,027 RW - vertex 10. Time : 0.000675916671753s
2018-04-19 10:52:43,027 RW - vertex 66. Time : 0.000389099121094s
2018-04-19 10:52:43,027 RW - vertex 18. Time : 0.000404834747314s
2018-04-19 10:52:43,027 RW - vertex 24. Time : 0.000351905822754s
2018-04-19 10:52:43,028 RW - vertex 38. Time : 0.00042986869812s
2018-04-19 10:52:43,028 RW - vertex 47. Time : 0.000385999679565s
2018-04-19 10:52:43,021 RW - vertex 14. Time : 0.000470876693726s
2018-04-19 10:52:43,028 RW - vertex 27. Time : 0.000406980514526s
2018-04-19 10:52:43,028 RW - vertex 35. Time : 0.000416994094849s
2018-04-19 10:52:43,029 RW - vertex 61. Time : 0.000518083572388s
2018-04-19 10:52:43,029 RW - vertex 48. Time : 0.000364065170288s
2018-04-19 10:52:43,029 RW - vertex 49. Time : 0.000447034835815s
2018-04-19 10:52:43,029 RW - vertex 29. Time : 0.00111413002014s
2018-04-19 10:52:43,030 RW - vertex 20. Time : 0.000521183013916s
2018-04-19 10:52:43,030 RW - vertex 1. Time : 0.000478982925415s
2018-04-19 10:52:43,030 RW - vertex 33. Time : 0.000355005264282s
2018-04-19 10:52:43,030 RW - vertex 34. Time : 0.000425100326538s
2018-04-19 10:52:43,030 RW - vertex 41. Time : 0.000452995300293s
2018-04-19 10:52:43,031 RW - vertex 46. Time : 0.000404834747314s
2018-04-19 10:52:43,031 RW - vertex 37. Time : 0.000404834747314s
2018-04-19 10:52:43,031 RW - vertex 57. Time : 0.000402927398682s
2018-04-19 10:52:43,031 RW - vertex 53. Time : 0.000365018844604s
2018-04-19 10:52:43,031 RW - vertex 60. Time : 0.000396966934204s
2018-04-19 10:52:43,032 RW - vertex 64. Time : 0.000395774841309s
2018-04-19 10:52:43,032 RW - vertex 17. Time : 0.000370025634766s
2018-04-19 10:52:43,032 RW - vertex 14. Time : 0.00337290763855s
2018-04-19 10:52:43,032 RW - vertex 39. Time : 0.000339984893799s
2018-04-19 10:52:43,032 RW - vertex 4. Time : 0.000349044799805s
2018-04-19 10:52:43,033 RW - vertex 42. Time : 0.000365018844604s
2018-04-19 10:52:43,033 RW - vertex 15. Time : 0.000320911407471s
2018-04-19 10:52:43,033 RW - vertex 52. Time : 0.000380992889404s
2018-04-19 10:52:43,034 RW - vertex 61. Time : 0.00160789489746s
2018-04-19 10:52:43,034 RW - vertex 22. Time : 0.000403165817261s
2018-04-19 10:52:43,034 RW - vertex 56. Time : 0.000339031219482s
2018-04-19 10:52:43,034 RW - vertex 41. Time : 0.000560998916626s
2018-04-19 10:52:43,035 RW - vertex 16. Time : 0.000330924987793s
2018-04-19 10:52:43,035 RW - vertex 57. Time : 0.000398874282837s
2018-04-19 10:52:43,035 RW - vertex 68. Time : 0.000319004058838s
2018-04-19 10:52:43,035 RW - vertex 3. Time : 0.00031304359436s
2018-04-19 10:52:43,036 RW - vertex 3. Time : 0.00494694709778s
2018-04-19 10:52:43,036 RW - vertex 23. Time : 0.000648021697998s
2018-04-19 10:52:43,036 RW - vertex 23. Time : 0.000370979309082s
2018-04-19 10:52:43,037 RW - vertex 12. Time : 0.000333070755005s
2018-04-19 10:52:43,037 RW - vertex 12. Time : 0.000405073165894s
2018-04-19 10:52:43,037 RW - vertex 66. Time : 0.000345945358276s
2018-04-19 10:52:43,037 RW - vertex 66. Time : 0.000304937362671s
2018-04-19 10:52:43,037 RW - vertex 59. Time : 0.00188803672791s
2018-04-19 10:52:43,037 RW - vertex 24. Time : 0.000373125076294s
2018-04-19 10:52:43,038 RW - vertex 40. Time : 0.000394105911255s
2018-04-19 10:52:43,038 RW - vertex 47. Time : 0.000395059585571s
2018-04-19 10:52:43,038 RW - vertex 19. Time : 0.000353813171387s
2018-04-19 10:52:43,038 RW - vertex 35. Time : 0.000358104705811s
2018-04-19 10:52:43,038 RW - vertex 24. Time : 0.0010199546814s
2018-04-19 10:52:43,039 RW - vertex 43. Time : 0.000363826751709s
2018-04-19 10:52:43,039 RW - vertex 48. Time : 0.000360012054443s
2018-04-19 10:52:43,039 RW - vertex 47. Time : 0.000334978103638s
2018-04-19 10:52:43,039 RW - vertex 11. Time : 0.000342845916748s
2018-04-19 10:52:43,039 RW - vertex 49. Time : 0.000333070755005s
2018-04-19 10:52:43,039 RW - vertex 35. Time : 0.000344038009644s
2018-04-19 10:52:43,039 RW - vertex 26. Time : 0.000329971313477s
2018-04-19 10:52:43,040 RW - vertex 20. Time : 0.00036096572876s
2018-04-19 10:52:43,040 RW - vertex 55. Time : 0.000334024429321s
2018-04-19 10:52:43,040 RW - vertex 34. Time : 0.000322103500366s
2018-04-19 10:52:43,040 RW - vertex 31. Time : 0.000310897827148s
2018-04-19 10:52:43,040 RW - vertex 48. Time : 0.000946998596191s
2018-04-19 10:52:43,040 RW - vertex 37. Time : 0.000324964523315s
2018-04-19 10:52:43,041 RW - vertex 49. Time : 0.000346899032593s
2018-04-19 10:52:43,041 RW - vertex 60. Time : 0.00037693977356s
2018-04-19 10:52:43,041 RW - vertex 62. Time : 0.00840783119202s
2018-04-19 10:52:43,041 RW - vertex 67. Time : 0.000647068023682s
2018-04-19 10:52:43,041 RW - vertex 20. Time : 0.000331878662109s
2018-04-19 10:52:43,041 RW - vertex 17. Time : 0.000318050384521s
2018-04-19 10:52:43,041 RW - vertex 32. Time : 0.000358819961548s
2018-04-19 10:52:43,041 RW - vertex 63. Time : 0.000313997268677s
2018-04-19 10:52:43,041 RW - vertex 34. Time : 0.000350952148438s
2018-04-19 10:52:43,041 RW - vertex 4. Time : 0.000354051589966s
2018-04-19 10:52:43,042 RW - vertex 2. Time : 0.000388860702515s
2018-04-19 10:52:43,042 RW - vertex 62. Time : 0.000365972518921s
2018-04-19 10:52:43,042 RW - vertex 45. Time : 0.000359058380127s
2018-04-19 10:52:43,042 Iteration 5 executed.
2018-04-19 10:52:43,042 RW - vertex 32. Time : 0.000356912612915s
2018-04-19 10:52:43,042 RW - vertex 6. Time : 0.000334978103638s
2018-04-19 10:52:43,043 RW - vertex 2. Time : 0.000394821166992s
2018-04-19 10:52:43,043 RW - vertex 21. Time : 0.000388860702515s
2018-04-19 10:52:43,043 RW - vertex 45. Time : 0.000389099121094s
2018-04-19 10:52:43,043 RW - vertex 51. Time : 0.000351905822754s
2018-04-19 10:52:43,044 RW - vertex 6. Time : 0.000370979309082s
2018-04-19 10:52:43,044 RW - vertex 28. Time : 0.000354051589966s
2018-04-19 10:52:43,044 RW - vertex 37. Time : 0.00242495536804s
2018-04-19 10:52:43,044 RW - vertex 21. Time : 0.000345230102539s
2018-04-19 10:52:43,044 RW - vertex 54. Time : 0.000317096710205s
2018-04-19 10:52:43,044 RW - vertex 60. Time : 0.000356197357178s
2018-04-19 10:52:43,044 RW - vertex 51. Time : 0.000326156616211s
2018-04-19 10:52:43,044 RW - vertex 5. Time : 0.000328063964844s
2018-04-19 10:52:43,045 RW - vertex 28. Time : 0.000425815582275s
2018-04-19 10:52:43,045 RW - vertex 54. Time : 0.000368118286133s
2018-04-19 10:52:43,046 RW - vertex 14. Time : 0.000755786895752s
2018-04-19 10:52:43,047 RW - vertex 61. Time : 0.000523090362549s
2018-04-19 10:52:43,047 RW - vertex 41. Time : 0.000413179397583s
2018-04-19 10:52:43,048 RW - vertex 57. Time : 0.00045919418335s
2018-04-19 10:52:43,048 RW - vertex 17. Time : 0.00320076942444s
2018-04-19 10:52:43,048 RW - vertex 3. Time : 0.000473022460938s
2018-04-19 10:52:43,048 RW - vertex 5. Time : 0.00291395187378s
2018-04-19 10:52:43,049 RW - vertex 23. Time : 0.000380039215088s
2018-04-19 10:52:43,049 RW - vertex 9. Time : 0.000371932983398s
2018-04-19 10:52:43,049 RW - vertex 9. Time : 0.00445413589478s
2018-04-19 10:52:43,049 RW - vertex 12. Time : 0.00032901763916s
2018-04-19 10:52:43,049 RW - vertex 7. Time : 0.000332832336426s
2018-04-19 10:52:43,049 RW - vertex 7. Time : 0.000349998474121s
2018-04-19 10:52:43,050 RW - vertex 66. Time : 0.000335931777954s
2018-04-19 10:52:43,050 RW - vertex 44. Time : 0.000428915023804s
2018-04-19 10:52:43,050 RW - vertex 44. Time : 0.000468015670776s
2018-04-19 10:52:43,050 RW - vertex 24. Time : 0.000378131866455s
2018-04-19 10:52:43,050 RW - vertex 50. Time : 0.00034499168396s
2018-04-19 10:52:43,050 RW - vertex 50. Time : 0.000355005264282s
2018-04-19 10:52:43,050 RW - vertex 47. Time : 0.000349998474121s
2018-04-19 10:52:43,050 RW - vertex 30. Time : 0.000343084335327s
2018-04-19 10:52:43,051 RW - vertex 30. Time : 0.000380992889404s
2018-04-19 10:52:43,051 RW - vertex 35. Time : 0.000377893447876s
2018-04-19 10:52:43,051 RW - vertex 58. Time : 0.000369071960449s
2018-04-19 10:52:43,051 RW - vertex 58. Time : 0.00031304359436s
2018-04-19 10:52:43,051 RW - vertex 48. Time : 0.000358104705811s
2018-04-19 10:52:43,051 RW - vertex 25. Time : 0.000332832336426s
2018-04-19 10:52:43,052 RW - vertex 25. Time : 0.000363111495972s
2018-04-19 10:52:43,052 RW - vertex 36. Time : 0.000450849533081s
2018-04-19 10:52:43,052 RW - vertex 49. Time : 0.000571012496948s
2018-04-19 10:52:43,052 RW - vertex 36. Time : 0.00037407875061s
2018-04-19 10:52:43,052 RW - vertex 4. Time : 0.00424790382385s
2018-04-19 10:52:43,052 RW - vertex 8. Time : 0.00031590461731s
2018-04-19 10:52:43,052 RW - vertex 20. Time : 0.000335931777954s
2018-04-19 10:52:43,052 RW - vertex 8. Time : 0.000321865081787s
2018-04-19 10:52:43,053 RW - vertex 62. Time : 0.000381946563721s
2018-04-19 10:52:43,053 RW - vertex 13. Time : 0.000391006469727s
2018-04-19 10:52:43,053 RW - vertex 34. Time : 0.000391006469727s
2018-04-19 10:52:43,053 RW - vertex 32. Time : 0.000344038009644s
2018-04-19 10:52:43,053 RW - vertex 65. Time : 0.000314950942993s
2018-04-19 10:52:43,053 RW - vertex 37. Time : 0.000339984893799s
2018-04-19 10:52:43,053 RW - vertex 13. Time : 0.000903129577637s
2018-04-19 10:52:43,053 RW - vertex 2. Time : 0.000342130661011s
2018-04-19 10:52:43,053 RW - vertex 10. Time : 0.000334978103638s
2018-04-19 10:52:43,054 RW - vertex 60. Time : 0.000361919403076s
2018-04-19 10:52:43,054 RW - vertex 45. Time : 0.000350952148438s
2018-04-19 10:52:43,054 RW - vertex 65. Time : 0.0003981590271s
2018-04-19 10:52:43,054 RW - vertex 18. Time : 0.00034499168396s
2018-04-19 10:52:43,054 RW - vertex 17. Time : 0.000369071960449s
2018-04-19 10:52:43,054 RW - vertex 6. Time : 0.000318050384521s
2018-04-19 10:52:43,054 RW - vertex 38. Time : 0.000329971313477s
2018-04-19 10:52:43,054 RW - vertex 10. Time : 0.000334978103638s
2018-04-19 10:52:43,054 RW - vertex 4. Time : 0.000317096710205s
2018-04-19 10:52:43,055 RW - vertex 27. Time : 0.000326156616211s
2018-04-19 10:52:43,055 RW - vertex 18. Time : 0.000362157821655s
2018-04-19 10:52:43,055 RW - vertex 21. Time : 0.000309944152832s
2018-04-19 10:52:43,055 RW - vertex 62. Time : 0.000380039215088s
2018-04-19 10:52:43,055 RW - vertex 29. Time : 0.000341176986694s
2018-04-19 10:52:43,055 RW - vertex 38. Time : 0.000329971313477s
2018-04-19 10:52:43,055 RW - vertex 32. Time : 0.000333070755005s
2018-04-19 10:52:43,055 RW - vertex 51. Time : 0.000362873077393s
2018-04-19 10:52:43,055 RW - vertex 1. Time : 0.000343084335327s
2018-04-19 10:52:43,055 RW - vertex 27. Time : 0.000333070755005s
2018-04-19 10:52:43,056 RW - vertex 2. Time : 0.000412940979004s
2018-04-19 10:52:43,056 RW - vertex 33. Time : 0.000421047210693s
2018-04-19 10:52:43,056 RW - vertex 29. Time : 0.000535011291504s
2018-04-19 10:52:43,056 RW - vertex 45. Time : 0.000344038009644s
2018-04-19 10:52:43,056 RW - vertex 46. Time : 0.000307083129883s
2018-04-19 10:52:43,056 RW - vertex 1. Time : 0.000341892242432s
2018-04-19 10:52:43,056 RW - vertex 6. Time : 0.000323057174683s
2018-04-19 10:52:43,057 RW - vertex 53. Time : 0.000385999679565s
2018-04-19 10:52:43,057 RW - vertex 64. Time : 0.000314950942993s
2018-04-19 10:52:43,057 RW - vertex 21. Time : 0.000493049621582s
2018-04-19 10:52:43,057 RW - vertex 51. Time : 0.000330209732056s
2018-04-19 10:52:43,057 RW - vertex 39. Time : 0.000357151031494s
2018-04-19 10:52:43,057 RW - vertex 28. Time : 0.000321865081787s
2018-04-19 10:52:43,058 RW - vertex 42. Time : 0.000369071960449s
2018-04-19 10:52:43,058 RW - vertex 28. Time : 0.000386953353882s
2018-04-19 10:52:43,058 RW - vertex 54. Time : 0.000362873077393s
2018-04-19 10:52:43,058 RW - vertex 15. Time : 0.000333070755005s
2018-04-19 10:52:43,058 RW - vertex 54. Time : 0.000338077545166s
2018-04-19 10:52:43,058 RW - vertex 5. Time : 0.000332117080688s
2018-04-19 10:52:43,059 RW - vertex 52. Time : 0.000330924987793s
2018-04-19 10:52:43,059 RW - vertex 5. Time : 0.000367879867554s
2018-04-19 10:52:43,059 RW - vertex 9. Time : 0.000377893447876s
2018-04-19 10:52:43,059 RW - vertex 22. Time : 0.000370025634766s
2018-04-19 10:52:43,059 RW - vertex 9. Time : 0.000341892242432s
2018-04-19 10:52:43,059 RW - vertex 7. Time : 0.000309944152832s
2018-04-19 10:52:43,059 RW - vertex 56. Time : 0.000319004058838s
2018-04-19 10:52:43,059 RW - vertex 7. Time : 0.000320196151733s
2018-04-19 10:52:43,060 RW - vertex 16. Time : 0.000360012054443s
2018-04-19 10:52:43,060 RW - vertex 44. Time : 0.000387907028198s
2018-04-19 10:52:43,060 RW - vertex 50. Time : 0.000335931777954s
2018-04-19 10:52:43,060 RW - vertex 68. Time : 0.000381946563721s
2018-04-19 10:52:43,060 RW - vertex 44. Time : 0.000321865081787s
2018-04-19 10:52:43,061 RW - vertex 30. Time : 0.000392913818359s
2018-04-19 10:52:43,061 RW - vertex 59. Time : 0.000399112701416s
2018-04-19 10:52:43,061 RW - vertex 50. Time : 0.000371932983398s
2018-04-19 10:52:43,061 RW - vertex 58. Time : 0.000336170196533s
2018-04-19 10:52:43,061 RW - vertex 40. Time : 0.000331163406372s
2018-04-19 10:52:43,061 RW - vertex 30. Time : 0.000338077545166s
2018-04-19 10:52:43,061 RW - vertex 25. Time : 0.000328063964844s
2018-04-19 10:52:43,062 RW - vertex 19. Time : 0.000324010848999s
2018-04-19 10:52:43,062 RW - vertex 58. Time : 0.000340938568115s
2018-04-19 10:52:43,062 RW - vertex 36. Time : 0.000349998474121s
2018-04-19 10:52:43,062 RW - vertex 43. Time : 0.000302076339722s
2018-04-19 10:52:43,062 RW - vertex 25. Time : 0.000305891036987s
2018-04-19 10:52:43,062 RW - vertex 11. Time : 0.000322818756104s
2018-04-19 10:52:43,063 RW - vertex 36. Time : 0.000591039657593s
2018-04-19 10:52:43,063 RW - vertex 26. Time : 0.000365972518921s
2018-04-19 10:52:43,063 RW - vertex 8. Time : 0.00075101852417s
2018-04-19 10:52:43,063 RW - vertex 8. Time : 0.000337839126587s
2018-04-19 10:52:43,063 RW - vertex 55. Time : 0.000347852706909s
2018-04-19 10:52:43,063 RW - vertex 13. Time : 0.000334978103638s
2018-04-19 10:52:43,063 RW - vertex 31. Time : 0.00032377243042s
2018-04-19 10:52:43,063 RW - vertex 13. Time : 0.000334024429321s
2018-04-19 10:52:43,063 RW - vertex 65. Time : 0.000329971313477s
2018-04-19 10:52:43,064 RW - vertex 65. Time : 0.000338077545166s
2018-04-19 10:52:43,064 RW - vertex 67. Time : 0.000361204147339s
2018-04-19 10:52:43,064 RW - vertex 10. Time : 0.000325202941895s
2018-04-19 10:52:43,064 RW - vertex 63. Time : 0.000307083129883s
2018-04-19 10:52:43,064 RW - vertex 10. Time : 0.00032901763916s
2018-04-19 10:52:43,064 RW - vertex 18. Time : 0.000312089920044s
2018-04-19 10:52:43,065 RW - vertex 38. Time : 0.000424146652222s
2018-04-19 10:52:43,065 RW - vertex 33. Time : 0.0081889629364s
2018-04-19 10:52:43,065 RW - vertex 27. Time : 0.000323057174683s
2018-04-19 10:52:43,065 RW - vertex 46. Time : 0.000367879867554s
2018-04-19 10:52:43,065 Iteration 8 executed.
2018-04-19 10:52:43,065 RW - vertex 29. Time : 0.00033712387085s
2018-04-19 10:52:43,066 RW - vertex 53. Time : 0.000527143478394s
2018-04-19 10:52:43,066 RW - vertex 18. Time : 0.00150299072266s
2018-04-19 10:52:43,066 RW - vertex 1. Time : 0.00037693977356s
2018-04-19 10:52:43,066 RW - vertex 64. Time : 0.000360012054443s
2018-04-19 10:52:43,066 RW - vertex 38. Time : 0.000357866287231s
2018-04-19 10:52:43,066 RW - vertex 33. Time : 0.000324964523315s
2018-04-19 10:52:43,067 RW - vertex 39. Time : 0.000366926193237s
2018-04-19 10:52:43,067 RW - vertex 27. Time : 0.00036096572876s
2018-04-19 10:52:43,067 RW - vertex 46. Time : 0.000377893447876s
2018-04-19 10:52:43,067 RW - vertex 29. Time : 0.000353097915649s
2018-04-19 10:52:43,067 RW - vertex 53. Time : 0.000343084335327s
2018-04-19 10:52:43,067 RW - vertex 42. Time : 0.000418901443481s
2018-04-19 10:52:43,068 RW - vertex 1. Time : 0.000659942626953s
2018-04-19 10:52:43,068 RW - vertex 15. Time : 0.00043797492981s
2018-04-19 10:52:43,068 RW - vertex 64. Time : 0.000483989715576s
2018-04-19 10:52:43,068 RW - vertex 33. Time : 0.000360012054443s
2018-04-19 10:52:43,068 RW - vertex 39. Time : 0.000336170196533s
2018-04-19 10:52:43,068 RW - vertex 52. Time : 0.000383853912354s
2018-04-19 10:52:43,069 RW - vertex 42. Time : 0.00105404853821s
2018-04-19 10:52:43,070 RW - vertex 15. Time : 0.000439882278442s
2018-04-19 10:52:43,071 RW - vertex 46. Time : 0.00246405601501s
2018-04-19 10:52:43,071 RW - vertex 52. Time : 0.00056791305542s
2018-04-19 10:52:43,071 RW - vertex 53. Time : 0.00034499168396s
2018-04-19 10:52:43,071 RW - vertex 22. Time : 0.000357151031494s
2018-04-19 10:52:43,072 RW - vertex 56. Time : 0.000341176986694s
2018-04-19 10:52:43,072 RW - vertex 64. Time : 0.000393152236938s
2018-04-19 10:52:43,072 RW - vertex 16. Time : 0.000319957733154s
2018-04-19 10:52:43,072 RW - vertex 39. Time : 0.000340938568115s
2018-04-19 10:52:43,072 RW - vertex 68. Time : 0.000340938568115s
2018-04-19 10:52:43,073 RW - vertex 59. Time : 0.000420093536377s
2018-04-19 10:52:43,073 RW - vertex 42. Time : 0.00110101699829s
2018-04-19 10:52:43,073 RW - vertex 40. Time : 0.00037407875061s
2018-04-19 10:52:43,074 RW - vertex 15. Time : 0.00036883354187s
2018-04-19 10:52:43,074 RW - vertex 19. Time : 0.000370979309082s
2018-04-19 10:52:43,074 RW - vertex 52. Time : 0.000342845916748s
2018-04-19 10:52:43,074 RW - vertex 43. Time : 0.000343799591064s
2018-04-19 10:52:43,075 RW - vertex 22. Time : 0.000396966934204s
2018-04-19 10:52:43,075 RW - vertex 11. Time : 0.000450849533081s
2018-04-19 10:52:43,075 RW - vertex 56. Time : 0.000411033630371s
2018-04-19 10:52:43,075 RW - vertex 26. Time : 0.000397920608521s
2018-04-19 10:52:43,076 RW - vertex 16. Time : 0.000437021255493s
2018-04-19 10:52:43,076 RW - vertex 55. Time : 0.000552177429199s
2018-04-19 10:52:43,076 RW - vertex 22. Time : 0.00751185417175s
2018-04-19 10:52:43,076 RW - vertex 68. Time : 0.000401020050049s
2018-04-19 10:52:43,077 RW - vertex 31. Time : 0.000654935836792s
2018-04-19 10:52:43,077 RW - vertex 56. Time : 0.000680923461914s
2018-04-19 10:52:43,077 RW - vertex 67. Time : 0.000512838363647s
2018-04-19 10:52:43,077 RW - vertex 59. Time : 0.00103187561035s
2018-04-19 10:52:43,078 RW - vertex 16. Time : 0.000723123550415s
2018-04-19 10:52:43,078 RW - vertex 63. Time : 0.00059700012207s
2018-04-19 10:52:43,078 RW - vertex 40. Time : 0.000573873519897s
2018-04-19 10:52:43,079 RW - vertex 68. Time : 0.00072193145752s
2018-04-19 10:52:43,079 RW - vertex 19. Time : 0.000555992126465s
2018-04-19 10:52:43,079 Iteration 9 executed.
2018-04-19 10:52:43,079 RW - vertex 59. Time : 0.000479936599731s
2018-04-19 10:52:43,080 RW - vertex 43. Time : 0.000442981719971s
2018-04-19 10:52:43,080 RW - vertex 40. Time : 0.000394105911255s
2018-04-19 10:52:43,080 RW - vertex 11. Time : 0.000377893447876s
2018-04-19 10:52:43,081 RW - vertex 26. Time : 0.000433921813965s
2018-04-19 10:52:43,081 RW - vertex 19. Time : 0.000639915466309s
2018-04-19 10:52:43,081 RW - vertex 55. Time : 0.000432014465332s
2018-04-19 10:52:43,081 RW - vertex 43. Time : 0.000786066055298s
2018-04-19 10:52:43,082 RW - vertex 31. Time : 0.000356912612915s
2018-04-19 10:52:43,082 RW - vertex 67. Time : 0.000403881072998s
2018-04-19 10:52:43,082 RW - vertex 63. Time : 0.000380992889404s
2018-04-19 10:52:43,082 RW - vertex 11. Time : 0.000846147537231s
2018-04-19 10:52:43,083 RW - vertex 26. Time : 0.000754117965698s
2018-04-19 10:52:43,084 Iteration 7 executed.
2018-04-19 10:52:43,084 RW - vertex 55. Time : 0.000385999679565s
2018-04-19 10:52:43,085 RW - vertex 31. Time : 0.00104713439941s
2018-04-19 10:52:43,086 RW - vertex 67. Time : 0.000391960144043s
2018-04-19 10:52:43,086 RW - vertex 63. Time : 0.000489950180054s
2018-04-19 10:52:43,089 Iteration 6 executed.
2018-04-19 10:52:43,108 RWs created. Time: 0.00481906731923m
2018-04-19 10:52:43,108 Saving Random Walks on disk...
2018-04-19 10:52:43,148 Initializing creation of the representations...
2018-04-19 10:52:43,148 collecting all words and their counts
2018-04-19 10:52:43,148 {'kw': {}, 'mode': 'rb', 'uri': 'random_walks.txt'}
2018-04-19 10:52:43,149 encoding_wrapper: {'errors': 'strict', 'mode': 'rb', 'fileobj': <open file 'random_walks.txt', mode 'rb' at 0x7f5572c391e0>, 'encoding': None}
2018-04-19 10:52:43,149 PROGRESS: at sentence #0, processed 0 words, keeping 0 word types
2018-04-19 10:52:43,165 collected 68 word types from a corpus of 54400 raw words and 680 sentences
2018-04-19 10:52:43,165 Loading a fresh vocabulary
2018-04-19 10:52:43,167 min_count=0 retains 68 unique words (100% of original 68, drops 0)
2018-04-19 10:52:43,168 min_count=0 leaves 54400 word corpus (100% of original 54400, drops 0)
2018-04-19 10:52:43,169 deleting the raw counts dictionary of 68 items
2018-04-19 10:52:43,170 sample=0.001 downsamples 66 most-common words
2018-04-19 10:52:43,170 downsampling leaves estimated 17395 word corpus (32.0% of prior 54400)
2018-04-19 10:52:43,170 constructing a huffman tree from 68 words
2018-04-19 10:52:43,173 built huffman tree with maximum node depth 9
2018-04-19 10:52:43,175 estimated required memory for 68 words and 128 dimensions: 152048 bytes
2018-04-19 10:52:43,175 resetting layer weights
2018-04-19 10:52:43,177 training model with 4 workers on 68 vocabulary and 128 features, using sg=1 hs=1 sample=0.001 negative=5 window=10
2018-04-19 10:52:43,180 {'kw': {}, 'mode': 'rb', 'uri': 'random_walks.txt'}
2018-04-19 10:52:43,181 encoding_wrapper: {'errors': 'strict', 'mode': 'rb', 'fileobj': <open file 'random_walks.txt', mode 'rb' at 0x7f5572c391e0>, 'encoding': None}
2018-04-19 10:52:43,215 job loop exiting, total 6 jobs
2018-04-19 10:52:43,278 worker thread finished; awaiting finish of 3 more threads
2018-04-19 10:52:43,278 worker exiting, processed 1 jobs
2018-04-19 10:52:43,301 worker thread finished; awaiting finish of 2 more threads
2018-04-19 10:52:43,301 worker exiting, processed 1 jobs
2018-04-19 10:52:43,309 worker exiting, processed 2 jobs
2018-04-19 10:52:43,309 worker thread finished; awaiting finish of 1 more threads
2018-04-19 10:52:43,325 worker exiting, processed 2 jobs
2018-04-19 10:52:43,325 worker thread finished; awaiting finish of 0 more threads
2018-04-19 10:52:43,325 EPOCH - 1 : training on 54400 raw words (17324 effective words) took 0.1s, 119853 effective words/s
2018-04-19 10:52:43,326 {'kw': {}, 'mode': 'rb', 'uri': 'random_walks.txt'}
2018-04-19 10:52:43,327 encoding_wrapper: {'errors': 'strict', 'mode': 'rb', 'fileobj': <open file 'random_walks.txt', mode 'rb' at 0x7f5572c391e0>, 'encoding': None}
2018-04-19 10:52:43,370 job loop exiting, total 6 jobs
2018-04-19 10:52:43,427 worker thread finished; awaiting finish of 3 more threads
2018-04-19 10:52:43,427 worker exiting, processed 2 jobs
2018-04-19 10:52:43,438 worker thread finished; awaiting finish of 2 more threads
2018-04-19 10:52:43,439 worker exiting, processed 1 jobs
2018-04-19 10:52:43,441 worker thread finished; awaiting finish of 1 more threads
2018-04-19 10:52:43,441 worker exiting, processed 1 jobs
2018-04-19 10:52:43,453 worker exiting, processed 2 jobs
2018-04-19 10:52:43,454 worker thread finished; awaiting finish of 0 more threads
2018-04-19 10:52:43,455 EPOCH - 2 : training on 54400 raw words (17370 effective words) took 0.1s, 135427 effective words/s
2018-04-19 10:52:43,456 {'kw': {}, 'mode': 'rb', 'uri': 'random_walks.txt'}
2018-04-19 10:52:43,457 encoding_wrapper: {'errors': 'strict', 'mode': 'rb', 'fileobj': <open file 'random_walks.txt', mode 'rb' at 0x7f5572c391e0>, 'encoding': None}
2018-04-19 10:52:43,486 job loop exiting, total 6 jobs
2018-04-19 10:52:43,560 worker thread finished; awaiting finish of 3 more threads
2018-04-19 10:52:43,562 worker exiting, processed 1 jobs
2018-04-19 10:52:43,584 worker thread finished; awaiting finish of 2 more threads
2018-04-19 10:52:43,584 worker exiting, processed 1 jobs
2018-04-19 10:52:43,586 worker thread finished; awaiting finish of 1 more threads
2018-04-19 10:52:43,586 worker exiting, processed 2 jobs
2018-04-19 10:52:43,592 worker exiting, processed 2 jobs
2018-04-19 10:52:43,593 worker thread finished; awaiting finish of 0 more threads
2018-04-19 10:52:43,593 EPOCH - 3 : training on 54400 raw words (17526 effective words) took 0.1s, 128036 effective words/s
2018-04-19 10:52:43,595 {'kw': {}, 'mode': 'rb', 'uri': 'random_walks.txt'}
2018-04-19 10:52:43,596 encoding_wrapper: {'errors': 'strict', 'mode': 'rb', 'fileobj': <open file 'random_walks.txt', mode 'rb' at 0x7f5572c391e0>, 'encoding': None}
2018-04-19 10:52:43,626 job loop exiting, total 6 jobs
2018-04-19 10:52:43,686 worker thread finished; awaiting finish of 3 more threads
2018-04-19 10:52:43,687 worker exiting, processed 1 jobs
2018-04-19 10:52:43,697 worker thread finished; awaiting finish of 2 more threads
2018-04-19 10:52:43,697 worker exiting, processed 2 jobs
2018-04-19 10:52:43,714 worker thread finished; awaiting finish of 1 more threads
2018-04-19 10:52:43,714 worker exiting, processed 2 jobs
2018-04-19 10:52:43,739 worker exiting, processed 1 jobs
2018-04-19 10:52:43,739 worker thread finished; awaiting finish of 0 more threads
2018-04-19 10:52:43,740 EPOCH - 4 : training on 54400 raw words (17279 effective words) took 0.1s, 119688 effective words/s
2018-04-19 10:52:43,741 {'kw': {}, 'mode': 'rb', 'uri': 'random_walks.txt'}
2018-04-19 10:52:43,741 encoding_wrapper: {'errors': 'strict', 'mode': 'rb', 'fileobj': <open file 'random_walks.txt', mode 'rb' at 0x7f5572c391e0>, 'encoding': None}
2018-04-19 10:52:43,790 job loop exiting, total 6 jobs
2018-04-19 10:52:43,841 worker thread finished; awaiting finish of 3 more threads
2018-04-19 10:52:43,841 worker exiting, processed 1 jobs
2018-04-19 10:52:43,845 worker thread finished; awaiting finish of 2 more threads
2018-04-19 10:52:43,845 worker exiting, processed 1 jobs
2018-04-19 10:52:43,869 worker thread finished; awaiting finish of 1 more threads
2018-04-19 10:52:43,869 worker exiting, processed 2 jobs
2018-04-19 10:52:43,876 worker exiting, processed 2 jobs
2018-04-19 10:52:43,876 worker thread finished; awaiting finish of 0 more threads
2018-04-19 10:52:43,877 EPOCH - 5 : training on 54400 raw words (17230 effective words) took 0.1s, 126370 effective words/s
2018-04-19 10:52:43,877 training on a 272000 raw words (86729 effective words) took 0.7s, 123933 effective words/s
2018-04-19 10:52:43,878 under 10 jobs per worker: consider setting a smaller `batch_words' for smoother alpha decay
2018-04-19 10:52:43,878 storing 68x128 projection weights into emb/karate-mirrored.emb
2018-04-19 10:52:43,878 {'kw': {}, 'mode': 'wb', 'uri': 'emb/karate-mirrored.emb'}
2018-04-19 10:52:43,878 encoding_wrapper: {'errors': 'strict', 'mode': 'wb', 'fileobj': <open file 'emb/karate-mirrored.emb', mode 'wb' at 0x7f5572c391e0>, 'encoding': None}
2018-04-19 10:52:43,888 Representations created.
